[INFO] [1764347569.200812631] [cube_tracker]: Cube Tracker Initialized. Waiting for movement...
[INFO] [1764347579.036603710] [cube_tracker]: MOVEMENT DETECTED: Cuboid1 moved to array('f', [-0.6499999761581421, 0.012132026255130768, 0.9300000071525574])
[INFO] [1764347579.336789789] [cube_tracker]: MOVEMENT DETECTED: Cuboid1 moved to array('f', [-0.6499999761581421, 0.0275416262447834, 0.9300000071525574])
[INFO] [1764347579.536361337] [cube_tracker]: MOVEMENT DETECTED: Cuboid1 moved to array('f', [-0.6499999761581421, 0.04064161330461502, 0.9300000071525574])
[INFO] [1764347579.736256095] [cube_tracker]: MOVEMENT DETECTED: Cuboid1 moved to array('f', [-0.6499999761581421, 0.055069804191589355, 0.9300000071525574])
[INFO] [1764347579.936261437] [cube_tracker]: MOVEMENT DETECTED: Cuboid1 moved to array('f', [-0.6499999761581421, 0.07003142684698105, 0.9300000071525574])
[INFO] [1764347580.136512984] [cube_tracker]: MOVEMENT DETECTED: Cuboid1 moved to array('f', [-0.6499999761581421, 0.0850314274430275, 0.9300000071525574])
[INFO] [1764347580.336445990] [cube_tracker]: MOVEMENT DETECTED: Cuboid1 moved to array('f', [-0.6499999761581421, 0.10003142803907394, 0.9300000071525574])
[INFO] [1764347580.536704836] [cube_tracker]: MOVEMENT DETECTED: Cuboid1 moved to array('f', [-0.6499999761581421, 0.11503142863512039, 0.9300000071525574])
[INFO] [1764347580.736526776] [cube_tracker]: MOVEMENT DETECTED: Cuboid1 moved to array('f', [-0.6499999761581421, 0.13003142178058624, 0.9300000071525574])
[INFO] [1764347580.936562526] [cube_tracker]: MOVEMENT DETECTED: Cuboid1 moved to array('f', [-0.6499999761581421, 0.1450314223766327, 0.9300000071525574])
[INFO] [1764347581.136611898] [cube_tracker]: MOVEMENT DETECTED: Cuboid1 moved to array('f', [-0.6499999761581421, 0.16003142297267914, 0.9300000071525574])
[INFO] [1764347581.336644321] [cube_tracker]: MOVEMENT DETECTED: Cuboid1 moved to array('f', [-0.6499999761581421, 0.17503142356872559, 0.9300000071525574])
[INFO] [1764347581.536855200] [cube_tracker]: MOVEMENT DETECTED: Cuboid1 moved to array('f', [-0.6499999761581421, 0.19003142416477203, 0.9300000071525574])
[INFO] [1764347581.736546780] [cube_tracker]: MOVEMENT DETECTED: Cuboid1 moved to array('f', [-0.6499999761581421, 0.20503142476081848, 0.9300000071525574])
[INFO] [1764347581.936480510] [cube_tracker]: MOVEMENT DETECTED: Cuboid1 moved to array('f', [-0.6499999761581421, 0.22003142535686493, 0.9300000071525574])
[INFO] [1764347582.136674653] [cube_tracker]: MOVEMENT DETECTED: Cuboid1 moved to array('f', [-0.6499999761581421, 0.23503142595291138, 0.9300000071525574])
[INFO] [1764347582.336681209] [cube_tracker]: MOVEMENT DETECTED: Cuboid1 moved to array('f', [-0.6499999761581421, 0.25753143429756165, 0.9300000071525574])
[INFO] [1764347582.536912008] [cube_tracker]: MOVEMENT DETECTED: Cuboid1 moved to array('f', [-0.6499999761581421, 0.2725314199924469, 0.9300000071525574])
[INFO] [1764347582.736444548] [cube_tracker]: MOVEMENT DETECTED: Cuboid1 moved to array('f', [-0.6499999761581421, 0.2875308096408844, 0.9300000071525574])
[INFO] [1764347582.936464197] [cube_tracker]: MOVEMENT DETECTED: Cuboid1 moved to array('f', [-0.6499999761581421, 0.3023197054862976, 0.9300000071525574])
[INFO] [1764347583.136253808] [cube_tracker]: MOVEMENT DETECTED: Cuboid1 moved to array('f', [-0.6499999761581421, 0.316175252199173, 0.9300000071525574])
[INFO] [1764347583.236255838] [cube_tracker]: MOVEMENT DETECTED: Cuboid1 moved to array('f', [-0.6499999761581421, 0.3282974660396576, 0.9300000071525574])
[INFO] [1764347583.536549939] [cube_tracker]: MOVEMENT DETECTED: Cuboid1 moved to array('f', [-0.6499999761581421, 0.3414909839630127, 0.9300000071525574])
[INFO] [1764347593.843218014] [cube_tracker]: MOVEMENT DETECTED: Cuboid2 moved to array('f', [-0.6499999761581421, -0.08343015611171722, 0.9300000071525574])
[INFO] [1764347594.035971489] [cube_tracker]: MOVEMENT DETECTED: Cuboid2 moved to array('f', [-0.6499999761581421, -0.07245837152004242, 0.9300000071525574])
[INFO] [1764347594.135973019] [cube_tracker]: MOVEMENT DETECTED: Cuboid2 moved to array('f', [-0.6499999761581421, -0.0593583844602108, 0.9300000071525574])
[INFO] [1764347594.335606738] [cube_tracker]: MOVEMENT DETECTED: Cuboid2 moved to array('f', [-0.6499999761581421, -0.044930193573236465, 0.9300000071525574])
[INFO] [1764347594.535996520] [cube_tracker]: MOVEMENT DETECTED: Cuboid2 moved to array('f', [-0.6499999761581421, -0.029968569055199623, 0.9300000071525574])
[INFO] [1764347594.635975676] [cube_tracker]: MOVEMENT DETECTED: Cuboid2 moved to array('f', [-0.6499999761581421, -0.01496856939047575, 0.9300000071525574])
[INFO] [1764347594.836170156] [cube_tracker]: MOVEMENT DETECTED: Cuboid2 moved to array('f', [-0.6499999761581421, 3.1431030947715044e-05, 0.9300000071525574])
[INFO] [1764347595.037322756] [cube_tracker]: MOVEMENT DETECTED: Cuboid2 moved to array('f', [-0.6499999761581421, 0.022531431168317795, 0.9300000071525574])
[INFO] [1764347595.238027238] [cube_tracker]: MOVEMENT DETECTED: Cuboid2 moved to array('f', [-0.6499999761581421, 0.03753143176436424, 0.9300000071525574])
[INFO] [1764347595.438072648] [cube_tracker]: MOVEMENT DETECTED: Cuboid2 moved to array('f', [-0.6499999761581421, 0.060031432658433914, 0.9300000071525574])
[INFO] [1764347595.635839086] [cube_tracker]: MOVEMENT DETECTED: Cuboid2 moved to array('f', [-0.6499999761581421, 0.07503142952919006, 0.9300000071525574])
[INFO] [1764347595.835974415] [cube_tracker]: MOVEMENT DETECTED: Cuboid2 moved to array('f', [-0.6499999761581421, 0.09753143042325974, 0.9300000071525574])
[INFO] [1764347596.040274815] [cube_tracker]: MOVEMENT DETECTED: Cuboid2 moved to array('f', [-0.6499999761581421, 0.11253143101930618, 0.9300000071525574])
[INFO] [1764347596.237343840] [cube_tracker]: MOVEMENT DETECTED: Cuboid2 moved to array('f', [-0.6499999761581421, 0.13503143191337585, 0.9300000071525574])
[INFO] [1764347596.436538801] [cube_tracker]: MOVEMENT DETECTED: Cuboid2 moved to array('f', [-0.6499999761581421, 0.1500314325094223, 0.9300000071525574])
[INFO] [1764347596.640205959] [cube_tracker]: MOVEMENT DETECTED: Cuboid2 moved to array('f', [-0.6499999761581421, 0.16503143310546875, 0.9300000071525574])
[INFO] [1764347596.836707951] [cube_tracker]: MOVEMENT DETECTED: Cuboid2 moved to array('f', [-0.6499999761581421, 0.18753081560134888, 0.9300000071525574])
[INFO] [1764347597.036492691] [cube_tracker]: MOVEMENT DETECTED: Cuboid2 moved to array('f', [-0.6499999761581421, 0.2023196965456009, 0.9300000071525574])
[INFO] [1764347597.236488954] [cube_tracker]: MOVEMENT DETECTED: Cuboid2 moved to array('f', [-0.6499999761581421, 0.22250303626060486, 0.9300000071525574])
[INFO] [1764347597.436565353] [cube_tracker]: MOVEMENT DETECTED: Cuboid2 moved to array('f', [-0.6499999761581421, 0.23788636922836304, 0.9300000071525574])
[INFO] [1764347597.836051364] [cube_tracker]: MOVEMENT DETECTED: Cuboid2 moved to array('f', [-0.6499999761581421, 0.24791599810123444, 0.9300000071525574])
[INFO] [1764347606.235731255] [cube_tracker]: MOVEMENT DETECTED: Cuboid3 moved to array('f', [-0.6499999761581421, -0.18343015015125275, 0.9300000071525574])
[INFO] [1764347606.435865157] [cube_tracker]: MOVEMENT DETECTED: Cuboid3 moved to array('f', [-0.6499999761581421, -0.17245836555957794, 0.9300000071525574])
[INFO] [1764347606.535421197] [cube_tracker]: MOVEMENT DETECTED: Cuboid3 moved to array('f', [-0.6499999761581421, -0.15935838222503662, 0.9300000071525574])
[INFO] [1764347606.735433277] [cube_tracker]: MOVEMENT DETECTED: Cuboid3 moved to array('f', [-0.6499999761581421, -0.13746801018714905, 0.9300000071525574])
[INFO] [1764347606.935414855] [cube_tracker]: MOVEMENT DETECTED: Cuboid3 moved to array('f', [-0.6499999761581421, -0.12246856838464737, 0.9300000071525574])
[INFO] [1764347607.035865018] [cube_tracker]: MOVEMENT DETECTED: Cuboid3 moved to array('f', [-0.6499999761581421, -0.10746856778860092, 0.9300000071525574])
[INFO] [1764347607.235815238] [cube_tracker]: MOVEMENT DETECTED: Cuboid3 moved to array('f', [-0.6499999761581421, -0.09246856719255447, 0.9300000071525574])
[INFO] [1764347607.335800538] [cube_tracker]: MOVEMENT DETECTED: Cuboid3 moved t