[0.356s] DEBUG:colcon:Command line arguments: ['/usr/local/bin/colcon', 'build', '--symlink-install']
[0.356s] DEBUG:colcon:Parsed command line arguments: Namespace(log_base=None, log_level=None, verb_name='build', build_base='build', install_base='install', merge_install=False, symlink_install=True, test_result_base=None, continue_on_error=False, executor='parallel', parallel_workers=8, event_handlers=None, ignore_user_meta=False, metas=['./colcon.meta'], base_paths=['.'], packages_ignore=None, packages_ignore_regex=None, paths=None, packages_up_to=None, packages_up_to_regex=None, packages_above=None, packages_above_and_dependencies=None, packages_above_depth=None, packages_select_by_dep=None, packages_skip_by_dep=None, packages_skip_up_to=None, packages_select_build_failed=False, packages_skip_build_finished=False, packages_select_test_failures=False, packages_skip_test_passed=False, packages_select=None, packages_skip=None, packages_select_regex=None, packages_skip_regex=None, packages_start=None, packages_end=None, cmake_args=None, cmake_target=None, cmake_target_skip_unavailable=False, cmake_clean_cache=False, cmake_clean_first=False, cmake_force_configure=False, ament_cmake_args=None, catkin_cmake_args=None, catkin_skip_building_tests=False, verb_parser=<colcon_defaults.argument_parser.defaults.DefaultArgumentsDecorator object at 0x7f9f2627d3c0>, verb_extension=<colcon_core.verb.build.BuildVerb object at 0x7f9f2627ce80>, main=<bound method BuildVerb.main of <colcon_core.verb.build.BuildVerb object at 0x7f9f2627ce80>>)
[0.446s] Level 1:colcon.colcon_core.package_discovery:discover_packages(colcon_meta) check parameters
[0.446s] Level 1:colcon.colcon_core.package_discovery:discover_packages(recursive) check parameters
[0.446s] Level 1:colcon.colcon_core.package_discovery:discover_packages(ignore) check parameters
[0.446s] Level 1:colcon.colcon_core.package_discovery:discover_packages(path) check parameters
[0.446s] Level 1:colcon.colcon_core.package_discovery:discover_packages(colcon_meta) discover
[0.447s] Level 1:colcon.colcon_core.package_discovery:discover_packages(recursive) discover
[0.447s] INFO:colcon.colcon_core.package_discovery:Crawling recursively for packages in '/home/rosuser/ros2_ws'
[0.447s] Level 1:colcon.colcon_core.package_identification:_identify(.) by extensions ['ignore', 'ignore_ament_install']
[0.447s] Level 1:colcon.colcon_core.package_identification:_identify(.) by extension 'ignore'
[0.447s] Level 1:colcon.colcon_core.package_identification:_identify(.) by extension 'ignore_ament_install'
[0.447s] Level 1:colcon.colcon_core.package_identification:_identify(.) by extensions ['colcon_pkg']
[0.448s] Level 1:colcon.colcon_core.package_identification:_identify(.) by extension 'colcon_pkg'
[0.448s] Level 1:colcon.colcon_core.package_identification:_identify(.) by extensions ['colcon_meta']
[0.448s] Level 1:colcon.colcon_core.package_identification:_identify(.) by extension 'colcon_meta'
[0.448s] Level 1:colcon.colcon_core.package_identification:_identify(.) by extensions ['ros']
[0.448s] Level 1:colcon.colcon_core.package_identification:_identify(.) by extension 'ros'
[0.478s] Level 1:colcon.colcon_core.package_identification:_identify(.) by extensions ['cmake', 'python']
[0.478s] Level 1:colcon.colcon_core.package_identification:_identify(.) by extension 'cmake'
[0.479s] Level 1:colcon.colcon_core.package_identification:_identify(.) by extension 'python'
[0.479s] Level 1:colcon.colcon_core.package_identification:_identify(.) by extensions ['python_setup_py']
[0.479s] Level 1:colcon.colcon_core.package_identification:_identify(.) by extension 'python_setup_py'
[0.479s] Level 1:colcon.colcon_core.package_identification:_identify(build) by extensions ['ignore', 'ignore_ament_install']
[0.479s] Level 1:colcon.colcon_core.package_identification:_identify(build) by extension 'ignore'
[0.479s] Level 1:colcon.colcon_core.package_identification:_identify(build) ignored
[0.480s] Level 1:colcon.colcon_core.package_identification:_identify(install) by extensions ['ignore', 'ignore_ament_install']
[0.480s] Level 1:colcon.colcon_core.package_identification:_identify(install) by extension 'ignore'
[0.480s] Level 1:colcon.colcon_core.package_identification:_identify(install) ignored
[0.480s] Level 1:colcon.colcon_core.package_identification:_identify(log) by extensions ['ignore', 'ignore_ament_install']
[0.480s] Level 1:colcon.colcon_core.package_identification:_identify(log) by extension 'ignore'
[0.481s] Level 1:colcon.colcon_core.package_identification:_identify(log) ignored
[0.481s] Level 1:colcon.colcon_core.package_identification:_identify(src) by extensions ['ignore', 'ignore_ament_install']
[0.481s] Level 1:colcon.colcon_core.package_identification:_identify(src) by extension 'ignore'
[0.481s] Level 1:colcon.colcon_core.package_identification:_identify(src) by extension 'ignore_ament_install'
[0.481s] Level 1:colcon.colcon_core.package_identification:_identify(src) by extensions ['colcon_pkg']
[0.481s] Level 1:colcon.colcon_core.package_identification:_identify(src) by extension 'colcon_pkg'
[0.481s] Level 1:colcon.colcon_core.package_identification:_identify(src) by extensions ['colcon_meta']
[0.482s] Level 1:colcon.colcon_core.package_identification:_identify(src) by extension 'colcon_meta'
[0.482s] Level 1:colcon.colcon_core.package_identification:_identify(src) by extensions ['ros']
[0.482s] Level 1:colcon.colcon_core.package_identification:_identify(src) by extension 'ros'
[0.482s] Level 1:colcon.colcon_core.package_identification:_identify(src) by extensions ['cmake', 'python']
[0.482s] Level 1:colcon.colcon_core.package_identification:_identify(src) by extension 'cmake'
[0.482s] Level 1:colcon.colcon_core.package_identification:_identify(src) by extension 'python'
[0.482s] Level 1:colcon.colcon_core.package_identification:_identify(src) by extensions ['python_setup_py']
[0.482s] Level 1:colcon.colcon_core.package_identification:_identify(src) by extension 'python_setup_py'
[0.483s] Level 1:colcon.colcon_core.package_identification:_identify(src/coppelia_bridge) by extensions ['ignore', 'ignore_ament_install']
[0.483s] Level 1:colcon.colcon_core.package_identification:_identify(src/coppelia_bridge) by extension 'ignore'
[0.483s] Level 1:colcon.colcon_core.package_identification:_identify(src/coppelia_bridge) by extension 'ignore_ament_install'
[0.483s] Level 1:colcon.colcon_core.package_identification:_identify(src/coppelia_bridge) by extensions ['colcon_pkg']
[0.483s] Level 1:colcon.colcon_core.package_identification:_identify(src/coppelia_bridge) by extension 'colcon_pkg'
[0.483s] Level 1:colcon.colcon_core.package_identification:_identify(src/coppelia_bridge) by extensions ['colcon_meta']
[0.483s] Level 1:colcon.colcon_core.package_identification:_identify(src/coppelia_bridge) by extension 'colcon_meta'
[0.484s] Level 1:colcon.colcon_core.package_identification:_identify(src/coppelia_bridge) by extensions ['ros']
[0.484s] Level 1:colcon.colcon_core.package_identification:_identify(src/coppelia_bridge) by extension 'ros'
[0.490s] DEBUG:colcon.colcon_core.package_identification:Package 'src/coppelia_bridge' with type 'ros.ament_python' and name 'coppelia_bridge'
[0.490s] Level 1:colcon.colcon_core.package_identification:_identify(src/dnf_tracker) by extensions ['ignore', 'ignore_ament_install']
[0.490s] Level 1:colcon.colcon_core.package_identification:_identify(src/dnf_tracker) by extension 'ignore'
[0.490s] Level 1:colcon.colcon_core.package_identification:_identify(src/dnf_tracker) by extension 'ignore_ament_install'
[0.490s] Level 1:colcon.colcon_core.package_identification:_identify(src/dnf_tracker) by extensions ['colcon_pkg']
[0.490s] Level 1:colcon.colcon_core.package_identification:_identify(src/dnf_tracker) by extension 'colcon_pkg'
[0.491s] Level 1:colcon.colcon_core.package_identification:_identify(src/dnf_tracker) by extensions ['colcon_meta']
[0.491s] Level 1:colcon.colcon_core.package_identification:_identify(src/dnf_tracker) by extension 'colcon_meta'
[0.491s] Level 1:colcon.colcon_core.package_identification:_identify(src/dnf_tracker) by extensions ['ros']
[0.491s] Level 1:colcon.colcon_core.package_identification:_identify(src/dnf_tracker) by extension 'ros'
[0.492s] DEBUG:colcon.colcon_core.package_identification:Package 'src/dnf_tracker' with type 'ros.ament_python' and name 'dnf_tracker'
[0.492s] Level 1:colcon.colcon_core.package_identification:_identify(src/src) by extensions ['ignore', 'ignore_ament_install']
[0.493s] Level 1:colcon.colcon_core.package_identification:_identify(src/src) by extension 'ignore'
[0.493s] Level 1:colcon.colcon_core.package_identification:_identify(src/src) by extension 'ignore_ament_install'
[0.493s] Level 1:colcon.colcon_core.package_identification:_identify(src/src) by extensions ['colcon_pkg']
[0.493s] Level 1:colcon.colcon_core.package_identification:_identify(src/src) by extension 'colcon_pkg'
[0.493s] Level 1:colcon.colcon_core.package_identification:_identify(src/src) by extensions ['colcon_meta']
[0.493s] Level 1:colcon.colcon_core.package_identification:_identify(src/src) by extension 'colcon_meta'
[0.494s] Level 1:colcon.colcon_core.package_identification:_identify(src/src) by extensions ['ros']
[0.494s] Level 1:colcon.colcon_core.package_identification:_identify(src/src) by extension 'ros'
[0.494s] Level 1:colcon.colcon_core.package_identification:_identify(src/src) by extensions ['cmake', 'python']
[0.494s] Level 1:colcon.colcon_core.package_identification:_identify(src/src) by extension 'cmake'
[0.494s] Level 1:colcon.colcon_core.package_identification:_identify(src/src) by extension 'python'
[0.494s] Level 1:colcon.colcon_core.package_identification:_identify(src/src) by extensions ['python_setup_py']
[0.494s] Level 1:colcon.colcon_core.package_identification:_identify(src/src) by extension 'python_setup_py'
[0.495s] Level 1:colcon.colcon_core.package_discovery:discover_packages(recursive) using defaults
[0.495s] Level 1:colcon.colcon_core.package_discovery:discover_packages(ignore) discover
[0.495s] Level 1:colcon.colcon_core.package_discovery:discover_packages(ignore) using defaults
[0.495s] Level 1:colcon.colcon_core.package_discovery:discover_packages(path) discover
[0.495s] Level 1:colcon.colcon_core.package_discovery:discover_packages(path) using defaults
[0.547s] Level 5:colcon.colcon_core.verb:set package 'coppelia_bridge' build argument 'cmake_args' from command line to 'None'
[0.547s] Level 5:colcon.colcon_core.verb:set package 'coppelia_bridge' build argument 'cmake_target' from command line to 'None'
[0.547s] Level 5:colcon.colcon_core.verb:set package 'coppelia_bridge' build argument 'cmake_target_skip_unavailable' from command line to 'False'
[0.547s] Level 5:colcon.colcon_core.verb:set package 'coppelia_bridge' build argument 'cmake_clean_cache' from command line to 'False'
[0.548s] Level 5:colcon.colcon_core.verb:set package 'coppelia_bridge' build argument 'cmake_clean_first' from command line to 'False'
[0.548s] Level 5:colcon.colcon_core.verb:set package 'coppelia_bridge' build argument 'cmake_force_configure' from command line to 'False'
[0.548s] Level 5:colcon.colcon_core.verb:set package 'coppelia_bridge' build argument 'ament_cmake_args' from command line to 'None'
[0.548s] Level 5:colcon.colcon_core.verb:set package 'coppelia_bridge' build argument 'catkin_cmake_args' from command line to 'None'
[0.548s] Level 5:colcon.colcon_core.verb:set package 'coppelia_bridge' build argument 'catkin_skip_building_tests' from command line to 'False'
[0.548s] DEBUG:colcon.colcon_core.verb:Building package 'coppelia_bridge' with the following arguments: {'ament_cmake_args': None, 'build_base': '/home/rosuser/ros2_ws/build/coppelia_bridge', 'catkin_cmake_args': None, 'catkin_skip_building_tests': False, 'cmake_args': None, 'cmake_clean_cache': False, 'cmake_clean_first': False, 'cmake_force_configure': False, 'cmake_target': None, 'cmake_target_skip_unavailable': False, 'install_base': '/home/rosuser/ros2_ws/install/coppelia_bridge', 'merge_install': False, 'path': '/home/rosuser/ros2_ws/src/coppelia_bridge', 'symlink_install': True, 'test_result_base': None}
[0.549s] Level 5:colcon.colcon_core.verb:set package 'dnf_tracker' build argument 'cmake_args' from command line to 'None'
[0.549s] Level 5:colcon.colcon_core.verb:set package 'dnf_tracker' build argument 'cmake_target' from command line to 'None'
[0.549s] Level 5:colcon.colcon_core.verb:set package 'dnf_tracker' build argument 'cmake_target_skip_unavailable' from command line to 'False'
[0.549s] Level 5:colcon.colcon_core.verb:set package 'dnf_tracker' build argument 'cmake_clean_cache' from command line to 'False'
[0.549s] Level 5:colcon.colcon_core.verb:set package 'dnf_tracker' build argument 'cmake_clean_first' from command line to 'False'
[0.549s] Level 5:colcon.colcon_core.verb:set package 'dnf_tracker' build argument 'cmake_force_configure' from command line to 'False'
[0.549s] Level 5:colcon.colcon_core.verb:set package 'dnf_tracker' build argument 'ament_cmake_args' from command line to 'None'
[0.549s] Level 5:colcon.colcon_core.verb:set package 'dnf_tracker' build argument 'catkin_cmake_args' from command line to 'None'
[0.549s] Level 5:colcon.colcon_core.verb:set package 'dnf_tracker' build argument 'catkin_skip_building_tests' from command line to 'False'
[0.549s] DEBUG:colcon.colcon_core.verb:Building package 'dnf_tracker' with the following arguments: {'ament_cmake_args': None, 'build_base': '/home/rosuser/ros2_ws/build/dnf_tracker', 'catkin_cmake_args': None, 'catkin_skip_building_tests': False, 'cmake_args': None, 'cmake_clean_cache': False, 'cmake_clean_first': False, 'cmake_force_configure': False, 'cmake_target': None, 'cmake_target_skip_unavailable': False, 'install_base': '/home/rosuser/ros2_ws/install/dnf_tracker', 'merge_install': False, 'path': '/home/rosuser/ros2_ws/src/dnf_tracker', 'symlink_install': True, 'test_result_base': None}
[0.550s] INFO:colcon.colcon_core.executor:Executing jobs using 'parallel' executor
[0.551s] DEBUG:colcon.colcon_parallel_executor.executor.parallel:run_until_complete
[0.552s] INFO:colcon.colcon_ros.task.ament_python.build:Building ROS package in '/home/rosuser/ros2_ws/src/coppelia_bridge' with build type 'ament_python'
[0.552s] Level 1:colcon.colcon_core.shell:create_environment_hook('coppelia_bridge', 'ament_prefix_path')
[0.558s] INFO:colcon.colcon_core.plugin_system:Skipping extension 'colcon_core.shell.bat': Not used on non-Windows systems
[0.558s] INFO:colcon.colcon_core.shell:Creating environment hook '/home/rosuser/ros2_ws/install/coppelia_bridge/share/coppelia_bridge/hook/ament_prefix_path.ps1'
[0.560s] INFO:colcon.colcon_core.shell:Creating environment descriptor '/home/rosuser/ros2_ws/install/coppelia_bridge/share/coppelia_bridge/hook/ament_prefix_path.dsv'
[0.561s] INFO:colcon.colcon_core.shell:Creating environment hook '/home/rosuser/ros2_ws/install/coppelia_bridge/share/coppelia_bridge/hook/ament_prefix_path.sh'
[0.563s] INFO:colcon.colcon_core.shell:Skip shell extension 'powershell' for command environment: Not usable outside of PowerShell
[0.563s] DEBUG:colcon.colcon_core.shell:Skip shell extension 'dsv' for command environment
[0.575s] INFO:colcon.colcon_ros.task.ament_python.build:Building ROS package in '/home/rosuser/ros2_ws/src/dnf_tracker' with build type 'ament_python'
[0.575s] Level 1:colcon.colcon_core.shell:create_environment_hook('dnf_tracker', 'ament_prefix_path')
[0.576s] INFO:colcon.colcon_core.shell:Creating environment hook '/home/rosuser/ros2_ws/install/dnf_tracker/share/dnf_tracker/hook/ament_prefix_path.ps1'
[0.577s] INFO:colcon.colcon_core.shell:Creating environment descriptor '/home/rosuser/ros2_ws/install/dnf_tracker/share/dnf_tracker/hook/ament_prefix_path.dsv'
[0.577s] INFO:colcon.colcon_core.shell:Creating environment hook '/home/rosuser/ros2_ws/install/dnf_tracker/share/dnf_tracker/hook/ament_prefix_path.sh'
[0.579s] INFO:colcon.colcon_core.shell:Skip shell extension 'powershell' for command environment: Not usable outside of PowerShell
[0.579s] DEBUG:colcon.colcon_core.shell:Skip shell extension 'dsv' for command environment
[0.982s] INFO:colcon.colcon_core.task.python.build:Building Python package in '/home/rosuser/ros2_ws/src/coppelia_bridge'
[0.983s] INFO:colcon.colcon_core.shell:Skip shell extension 'powershell' for command environment: Not usable outside of PowerShell
[0.983s] DEBUG:colcon.colcon_core.shell:Skip shell extension 'dsv' for command environment
[1.386s] INFO:colcon.colcon_core.task.python.build:Building Python package in '/home/rosuser/ros2_ws/src/dnf_tracker'
[1.387s] INFO:colcon.colcon_core.shell:Skip shell extension 'powershell' for command environment: Not usable outside of PowerShell
[1.387s] DEBUG:colcon.colcon_core.shell:Skip shell extension 'dsv' for command environment
[2.236s] DEBUG:colcon.colcon_core.event_handler.log_command:Invoking command in '/home/rosuser/ros2_ws/build/dnf_tracker': PYTHONPATH=/home/rosuser/ros2_ws/build/dnf_tracker/prefix_override:/usr/local/lib/python3.10/dist-packages/colcon_core/task/python/colcon_distutils_commands:/home/rosuser/ros2_ws/install/dnf_tracker/lib/python3.10/site-packages:${PYTHONPATH} /usr/bin/python3 -W ignore:setup.py install is deprecated -W ignore:easy_install command is deprecated setup.py develop --editable --build-directory /home/rosuser/ros2_ws/build/dnf_tracker/build --no-deps symlink_data
[2.255s] DEBUG:colcon.colcon_core.event_handler.log_command:Invoking command in '/home/rosuser/ros2_ws/build/coppelia_bridge': PYTHONPATH=/home/rosuser/ros2_ws/build/coppelia_bridge/prefix_override:/usr/local/lib/python3.10/dist-packages/colcon_core/task/python/colcon_distutils_commands:/home/rosuser/ros2_ws/install/coppelia_bridge/lib/python3.10/site-packages:${PYTHONPATH} /usr/bin/python3 -W ignore:setup.py install is deprecated -W ignore:easy_install command is deprecated setup.py develop --editable --build-directory /home/rosuser/ros2_ws/build/coppelia_bridge/build --no-deps symlink_data
[3.244s] Level 1:colcon.colcon_core.shell:create_environment_hook('dnf_tracker', 'pythonpath_develop')
[3.245s] INFO:colcon.colcon_core.shell:Creating environment hook '/home/rosuser/ros2_ws/build/dnf_tracker/share/dnf_tracker/hook/pythonpath_develop.ps1'
[3.246s] DEBUG:colcon.colcon_core.event_handler.log_command:Invoked command in '/home/rosuser/ros2_ws/build/dnf_tracker' returned '0': PYTHONPATH=/home/rosuser/ros2_ws/build/dnf_tracker/prefix_override:/usr/local/lib/python3.10/dist-packages/colcon_core/task/python/colcon_distutils_commands:/home/rosuser/ros2_ws/install/dnf_tracker/lib/python3.10/site-packages:${PYTHONPATH} /usr/bin/python3 -W ignore:setup.py install is deprecated -W ignore:easy_install command is deprecated setup.py develop --editable --build-directory /home/rosuser/ros2_ws/build/dnf_tracker/build --no-deps symlink_data
[3.247s] INFO:colcon.colcon_core.shell:Creating environment descriptor '/home/rosuser/ros2_ws/build/dnf_tracker/share/dnf_tracker/hook/pythonpath_develop.dsv'
[3.248s] INFO:colcon.colcon_core.shell:Creating environment hook '/home/rosuser/ros2_ws/build/dnf_tracker/share/dnf_tracker/hook/pythonpath_develop.sh'
[3.254s] Level 1:colcon.colcon_core.environment:checking '/home/rosuser/ros2_ws/install/dnf_tracker' for CMake module files
[3.255s] Level 1:colcon.colcon_core.environment:checking '/home/rosuser/ros2_ws/install/dnf_tracker' for CMake config files
[3.257s] Level 1:colcon.colcon_core.environment:checking '/home/rosuser/ros2_ws/install/dnf_tracker/lib'
[3.257s] Level 1:colcon.colcon_core.environment:checking '/home/rosuser/ros2_ws/install/dnf_tracker/bin'
[3.257s] Level 1:colcon.colcon_core.environment:checking '/home/rosuser/ros2_ws/install/dnf_tracker/lib/pkgconfig/dnf_tracker.pc'
[3.258s] Level 1:colcon.colcon_core.environment:checking '/home/rosuser/ros2_ws/install/dnf_tracker/lib/python3.10/site-packages'
[3.258s] Level 1:colcon.colcon_core.shell:create_environment_hook('dnf_tracker', 'pythonpath')
[3.258s] INFO:colcon.colcon_core.shell:Creating environment hook '/home/rosuser/ros2_ws/install/dnf_tracker/share/dnf_tracker/hook/pythonpath.ps1'
[3.259s] INFO:colcon.colcon_core.shell:Creating environment descriptor '/home/rosuser/ros2_ws/install/dnf_tracker/share/dnf_tracker/hook/pythonpath.dsv'
[3.260s] INFO:colcon.colcon_core.shell:Creating environment hook '/home/rosuser/ros2_ws/install/dnf_tracker/share/dnf_tracker/hook/pythonpath.sh'
[3.261s] Level 1:colcon.colcon_core.environment:checking '/home/rosuser/ros2_ws/install/dnf_tracker/bin'
[3.261s] Level 1:colcon.colcon_core.environment:create_environment_scripts_only(dnf_tracker)
[3.262s] INFO:colcon.colcon_core.shell:Creating package script '/home/rosuser/ros2_ws/install/dnf_tracker/share/dnf_tracker/package.ps1'
[3.264s] INFO:colcon.colcon_core.shell:Creating package descriptor '/home/rosuser/ros2_ws/install/dnf_tracker/share/dnf_tracker/package.dsv'
[3.265s] INFO:colcon.colcon_core.shell:Creating package script '/home/rosuser/ros2_ws/install/dnf_tracker/share/dnf_tracker/package.sh'
[3.267s] INFO:colcon.colcon_core.shell:Creating package script '/home/rosuser/ros2_ws/install/dnf_tracker/share/dnf_tracker/package.bash'
[3.268s] INFO:colcon.colcon_core.shell:Creating package script '/home/rosuser/ros2_ws/install/dnf_tracker/share/dnf_tracker/package.zsh'
[3.269s] Level 1:colcon.colcon_core.environment:create_file_with_runtime_dependencies(/home/rosuser/ros2_ws/install/dnf_tracker/share/colcon-core/packages/dnf_tracker)
[3.273s] Level 1:colcon.colcon_core.shell:create_environment_hook('coppelia_bridge', 'pythonpath_develop')
[3.273s] INFO:colcon.colcon_core.shell:Creating environment hook '/home/rosuser/ros2_ws/build/coppelia_bridge/share/coppelia_bridge/hook/pythonpath_develop.ps1'
[3.274s] DEBUG:colcon.colcon_core.event_handler.log_command:Invoked command in '/home/rosuser/ros2_ws/build/coppelia_bridge' returned '0': PYTHONPATH=/home/rosuser/ros2_ws/build/coppelia_bridge/prefix_override:/usr/local/lib/python3.10/dist-packages/colcon_core/task/python/colcon_distutils_commands:/home/rosuser/ros2_ws/install/coppelia_bridge/lib/python3.10/site-packages:${PYTHONPATH} /usr/bin/python3 -W ignore:setup.py install is deprecated -W ignore:easy_install command is deprecated setup.py develop --editable --build-directory /home/rosuser/ros2_ws/build/coppelia_bridge/build --no-deps symlink_data
[3.275s] INFO:colcon.colcon_core.shell:Creating environment descriptor '/home/rosuser/ros2_ws/build/coppelia_bridge/share/coppelia_bridge/hook/pythonpath_develop.dsv'
[3.276s] INFO:colcon.colcon_core.shell:Creating environment hook '/home/rosuser/ros2_ws/build/coppelia_bridge/share/coppelia_bridge/hook/pythonpath_develop.sh'
[3.277s] Level 1:colcon.colcon_core.environment:checking '/home/rosuser/ros2_ws/install/coppelia_bridge' for CMake module files
[3.278s] Level 1:colcon.colcon_core.environment:checking '/home/rosuser/ros2_ws/install/coppelia_bridge' for CMake config files
[3.279s] Level 1:colcon.colcon_core.environment:checking '/home/rosuser/ros2_ws/install/coppelia_bridge/lib'
[3.279s] Level 1:colcon.colcon_core.environment:checking '/home/rosuser/ros2_ws/install/coppelia_bridge/bin'
[3.280s] Level 1:colcon.colcon_core.environment:checking '/home/rosuser/ros2_ws/install/coppelia_bridge/lib/pkgconfig/coppelia_bridge.pc'
[3.280s] Level 1:colcon.colcon_core.environment:checking '/home/rosuser/ros2_ws/install/coppelia_bridge/lib/python3.10/site-packages'
[3.280s] Level 1:colcon.colcon_core.shell:create_environment_hook('coppelia_bridge', 'pythonpath')
[3.281s] INFO:colcon.colcon_core.shell:Creating environment hook '/home/rosuser/ros2_ws/install/coppelia_bridge/share/coppelia_bridge/hook/pythonpath.ps1'
[3.282s] INFO:colcon.colcon_core.shell:Creating environment descriptor '/home/rosuser/ros2_ws/install/coppelia_bridge/share/coppelia_bridge/hook/pythonpath.dsv'
[3.282s] INFO:colcon.colcon_core.shell:Creating environment hook '/home/rosuser/ros2_ws/install/coppelia_bridge/share/coppelia_bridge/hook/pythonpath.sh'
[3.284s] Level 1:colcon.colcon_core.environment:checking '/home/rosuser/ros2_ws/install/coppelia_bridge/bin'
[3.284s] Level 1:colcon.colcon_core.environment:create_environment_scripts_only(coppelia_bridge)
[3.284s] INFO:colcon.colcon_core.shell:Creating package script '/home/rosuser/ros2_ws/install/coppelia_bridge/share/coppelia_bridge/package.ps1'
[3.286s] INFO:colcon.colcon_core.shell:Creating package descriptor '/home/rosuser/ros2_ws/install/coppelia_bridge/share/coppelia_bridge/package.dsv'
[3.287s] INFO:colcon.colcon_core.shell:Creating package script '/home/rosuser/ros2_ws/install/coppelia_bridge/share/coppelia_bridge/package.sh'
[3.288s] INFO:colcon.colcon_core.shell:Creating package script '/home/rosuser/ros2_ws/install/coppelia_bridge/share/coppelia_bridge/package.bash'
[3.289s] INFO:colcon.colcon_core.shell:Creating package script '/home/rosuser/ros2_ws/install/coppelia_bridge/share/coppelia_bridge/package.zsh'
[3.289s] Level 1:colcon.colcon_core.environment:create_file_with_runtime_dependencies(/home/rosuser/ros2_ws/install/coppelia_bridge/share/colcon-core/packages/coppelia_bridge)
[3.290s] DEBUG:colcon.colcon_parallel_executor.executor.parallel:closing loop
[3.291s] DEBUG:colcon.colcon_parallel_executor.executor.parallel:loop closed
[3.292s] DEBUG:colcon.colcon_parallel_executor.executor.parallel:run_until_complete finished with '0'
[3.292s] DEBUG:colcon.colcon_core.event_reactor:joining thread
[3.303s] INFO:colcon.colcon_core.plugin_system:Skipping extension 'colcon_notification.desktop_notification.notify_send': Could not find 'notify-send'
[3.304s] INFO:colcon.colcon_core.plugin_system:Skipping extension 'colcon_notification.desktop_notification.terminal_notifier': Not used on non-Darwin systems
[3.304s] INFO:colcon.colcon_core.plugin_system:Skipping extension 'colcon_notification.desktop_notification.win32': Not used on non-Windows systems
[3.304s] INFO:colcon.colcon_notification.desktop_notification:Sending desktop notification using 'notify2'
[3.310s] DEBUG:colcon.colcon_notification.desktop_notification.notify2:Failed to initialize notify2: org.freedesktop.DBus.Error.Spawn.ExecFailed: /usr/bin/dbus-launch terminated abnormally without any error message
[3.310s] DEBUG:colcon.colcon_core.event_reactor:joined thread
[3.311s] INFO:colcon.colcon_core.shell:Creating prefix script '/home/rosuser/ros2_ws/install/local_setup.ps1'
[3.314s] INFO:colcon.colcon_core.shell:Creating prefix util module '/home/rosuser/ros2_ws/install/_local_setup_util_ps1.py'
[3.316s] INFO:colcon.colcon_core.shell:Creating prefix chain script '/home/rosuser/ros2_ws/install/setup.ps1'
[3.318s] INFO:colcon.colcon_core.shell:Creating prefix script '/home/rosuser/ros2_ws/install/local_setup.sh'
[3.320s] INFO:colcon.colcon_core.shell:Creating prefix util module '/home/rosuser/ros2_ws/install/_local_setup_util_sh.py'
[3.321s] INFO:colcon.colcon_core.shell:Creating prefix chain script '/home/rosuser/ros2_ws/install/setup.sh'
[3.323s] INFO:colcon.colcon_core.shell:Creating prefix script '/home/rosuser/ros2_ws/install/local_setup.bash'
[3.324s] INFO:colcon.colcon_core.shell:Creating prefix chain script '/home/rosuser/ros2_ws/install/setup.bash'
[3.326s] INFO:colcon.colcon_core.shell:Creating prefix script '/home/rosuser/ros2_ws/install/local_setup.zsh'
[3.327s] INFO:colcon.colcon_core.shell:Creating prefix chain script '/home/rosuser/ros2_ws/install/setup.zsh'
