1764347568.6433613 [INFO] [launch]: All log files can be found below /home/rosuser/.ros/log/2025-11-28-16-32-48-641341-89e6d0df0c3d-503415
1764347568.6437671 [INFO] [launch]: Default logging verbosity is set to INFO
1764347568.7312891 [INFO] [bridge_node-1]: process started with pid [503416]
1764347568.7317624 [INFO] [cube_tracker-2]: process started with pid [503418]
1764347569.2012606 [cube_tracker-2] [INFO] [1764347569.200812631] [cube_tracker]: Cube Tracker Initialized. Waiting for movement...
1764347569.2140048 [bridge_node-1] [INFO] [1764347569.213758563] [coppelia_bridge]: Starting CoppeliaSim bridge...
1764347569.2166541 [bridge_node-1] [INFO] [1764347569.216452033] [coppelia_bridge]: Connected! ClientID: 0
1764347569.3146572 [bridge_node-1] [INFO] [1764347569.314288106] [coppelia_bridge]: Found Cuboid1, publishing to /cuboid1_pos
1764347569.3835547 [bridge_node-1] [INFO] [1764347569.383185255] [coppelia_bridge]: Found Cuboid2, publishing to /cuboid2_pos
1764347569.4317608 [bridge_node-1] [INFO] [1764347569.431392038] [coppelia_bridge]: Found Cuboid3, publishing to /cuboid3_pos
1764347579.0372856 [cube_tracker-2] [INFO] [1764347579.036603710] [cube_tracker]: MOVEMENT DETECTED: Cuboid1 moved to array('f', [-0.6499999761581421, 0.012132026255130768, 0.9300000071525574])
1764347579.3375027 [cube_tracker-2] [INFO] [1764347579.336789789] [cube_tracker]: MOVEMENT DETECTED: Cuboid1 moved to array('f', [-0.6499999761581421, 0.0275416262447834, 0.9300000071525574])
1764347579.5370131 [cube_tracker-2] [INFO] [1764347579.536361337] [cube_tracker]: MOVEMENT DETECTED: Cuboid1 moved to array('f', [-0.6499999761581421, 0.04064161330461502, 0.9300000071525574])
1764347579.7368653 [cube_tracker-2] [INFO] [1764347579.736256095] [cube_tracker]: MOVEMENT DETECTED: Cuboid1 moved to array('f', [-0.6499999761581421, 0.055069804191589355, 0.9300000071525574])
1764347579.9369557 [cube_tracker-2] [INFO] [1764347579.936261437] [cube_tracker]: MOVEMENT DETECTED: Cuboid1 moved to array('f', [-0.6499999761581421, 0.07003142684698105, 0.9300000071525574])
1764347580.1371300 [cube_tracker-2] [INFO] [1764347580.136512984] [cube_tracker]: MOVEMENT DETECTED: Cuboid1 moved to array('f', [-0.6499999761581421, 0.0850314274430275, 0.9300000071525574])
1764347580.3371637 [cube_tracker-2] [INFO] [1764347580.336445990] [cube_tracker]: MOVEMENT DETECTED: Cuboid1 moved to array('f', [-0.6499999761581421, 0.10003142803907394, 0.9300000071525574])
1764347580.5373793 [cube_tracker-2] [INFO] [1764347580.536704836] [cube_tracker]: MOVEMENT DETECTED: Cuboid1 moved to array('f', [-0.6499999761581421, 0.11503142863512039, 0.9300000071525574])
1764347580.7371542 [cube_tracker-2] [INFO] [1764347580.736526776] [cube_tracker]: MOVEMENT DETECTED: Cuboid1 moved to array('f', [-0.6499999761581421, 0.13003142178058624, 0.9300000071525574])
1764347580.9372621 [cube_tracker-2] [INFO] [1764347580.936562526] [cube_tracker]: MOVEMENT DETECTED: Cuboid1 moved to array('f', [-0.6499999761581421, 0.1450314223766327, 0.9300000071525574])
1764347581.1373458 [cube_tracker-2] [INFO] [1764347581.136611898] [cube_tracker]: MOVEMENT DETECTED: Cuboid1 moved to array('f', [-0.6499999761581421, 0.16003142297267914, 0.9300000071525574])
1764347581.3372750 [cube_tracker-2] [INFO] [1764347581.336644321] [cube_tracker]: MOVEMENT DETECTED: Cuboid1 moved to array('f', [-0.6499999761581421, 0.17503142356872559, 0.9300000071525574])
1764347581.5375218 [cube_tracker-2] [INFO] [1764347581.536855200] [cube_tracker]: MOVEMENT DETECTED: Cuboid1 moved to array('f', [-0.6499999761581421, 0.19003142416477203, 0.9300000071525574])
1764347581.7372448 [cube_tracker-2] [INFO] [1764347581.736546780] [cube_tracker]: MOVEMENT DETECTED: Cuboid1 moved to array('f', [-0.6499999761581421, 0.20503142476081848, 0.9300000071525574])
1764347581.9371150 [cube_tracker-2] [INFO] [1764347581.936480510] [cube_tracker]: MOVEMENT DETECTED: Cuboid1 moved to array('f', [-0.6499999761581421, 0.22003142535686493, 0.9300000071525574])
1764347582.1376181 [cube_tracker-2] [INFO] [1764347582.136674653] [cube_tracker]: MOVEMENT DETECTED: Cuboid1 moved to array('f', [-0.6499999761581421, 0.23503142595291138, 0.9300000071525574])
1764347582.3377872 [cube_tracker-2] [INFO] [1764347582.336681209] [cube_tracker]: MOVEMENT DETECTED: Cuboid1 moved to array('f', [-0.6499999761581421, 0.25753143429756165, 0.9300000071525574])
1764347582.5375819 [cube_tracker-2] [INFO] [1764347582.536912008] [cube_tracker]: MOVEMENT DETECTED: Cuboid1 moved to array('f', [-0.6499999761581421, 0.2725314199924469, 0.9300000071525574])
1764347582.7371557 [cube_tracker-2] [INFO] [1764347582.736444548] [cube_tracker]: MOVEMENT DETECTED: Cuboid1 moved to array('f', [-0.6499999761581421, 0.2875308096408844, 0.9300000071525574])
1764347582.9371185 [cube_tracker-2] [INFO] [1764347582.936464197] [cube_tracker]: MOVEMENT DETECTED: Cuboid1 moved to array('f', [-0.6499999761581421, 0.3023197054862976, 0.9300000071525574])
1764347583.1368690 [cube_tracker-2] [INFO] [1764347583.136253808] [cube_tracker]: MOVEMENT DETECTED: Cuboid1 moved to array('f', [-0.6499999761581421, 0.316175252199173, 0.9300000071525574])
1764347583.2371123 [cube_tracker-2] [INFO] [1764347583.236255838] [cube_tracker]: MOVEMENT DETECTED: Cuboid1 moved to array('f', [-0.6499999761581421, 0.3282974660396576, 0.9300000071525574])
1764347583.5372698 [cube_tracker-2] [INFO] [1764347583.536549939] [cube_tracker]: MOVEMENT DETECTED: Cuboid1 moved to array('f', [-0.6499999761581421, 0.3414909839630127, 0.9300000071525574])
1764347593.8437600 [cube_tracker-2] [INFO] [1764347593.843218014] [cube_tracker]: MOVEMENT DETECTED: Cuboid2 moved to array('f', [-0.6499999761581421, -0.08343015611171722, 0.9300000071525574])
1764347594.0365350 [cube_tracker-2] [INFO] [1764347594.035971489] [cube_tracker]: MOVEMENT DETECTED: Cuboid2 moved to array('f', [-0.6499999761581421, -0.07245837152004242, 0.9300000071525574])
1764347594.1365330 [cube_tracker-2] [INFO] [1764347594.135973019] [cube_tracker]: MOVEMENT DETECTED: Cuboid2 moved to array('f', [-0.6499999761581421, -0.0593583844602108, 0.9300000071525574])
1764347594.3361633 [cube_tracker-2] [INFO] [1764347594.335606738] [cube_tracker]: MOVEMENT DETECTED: Cuboid2 moved to array('f', [-0.6499999761581421, -0.044930193573236465, 0.9300000071525574])
1764347594.5365734 [cube_tracker-2] [INFO] [1764347594.535996520] [cube_tracker]: MOVEMENT DETECTED: Cuboid2 moved to array('f', [-0.6499999761581421, -0.029968569055199623, 0.9300000071525574])
1764347594.6365392 [cube_tracker-2] [INFO] [1764347594.635975676] [cube_tracker]: MOVEMENT DETECTED: Cuboid2 moved to array('f', [-0.6499999761581421, -0.01496856939047575, 0.9300000071525574])
1764347594.8367357 [cube_tracker-2] [INFO] [1764347594.836170156] [cube_tracker]: MOVEMENT DETECTED: Cuboid2 moved to array('f', [-0.6499999761581421, 3.1431030947715044e-05, 0.9300000071525574])
1764347595.0378888 [cube_tracker-2] [INFO] [1764347595.037322756] [cube_tracker]: MOVEMENT DETECTED: Cuboid2 moved to array('f', [-0.6499999761581421, 0.022531431168317795, 0.9300000071525574])
1764347595.2385912 [cube_tracker-2] [INFO] [1764347595.238027238] [cube_tracker]: MOVEMENT DETECTED: Cuboid2 moved to array('f', [-0.6499999761581421, 0.03753143176436424, 0.9300000071525574])
1764347595.4386826 [cube_tracker-2] [INFO] [1764347595.438072648] [cube_tracker]: MOVEMENT DETECTED: Cuboid2 moved to array('f', [-0.6499999761581421, 0.060031432658433914, 0.9300000071525574])
1764347595.6363890 [cube_tracker-2] [INFO] [1764347595.635839086] [cube_tracker]: MOVEMENT DETECTED: Cuboid2 moved to array('f', [-0.6499999761581421, 0.07503142952919006, 0.9300000071525574])
1764347595.8365326 [cube_tracker-2] [INFO] [1764347595.835974415] [cube_tracker]: MOVEMENT DETECTED: Cuboid2 moved to array('f', [-0.6499999761581421, 0.09753143042325974, 0.9300000071525574])
1764347596.0408208 [cube_tracker-2] [INFO] [1764347596.040274815] [cube_tracker]: MOVEMENT DETECTED: Cuboid2 moved to array('f', [-0.6499999761581421, 0.11253143101930618, 0.9300000071525574])
1764347596.2378645 [cube_tracker-2] [INFO] [1764347596.237343840] [cube_tracker]: MOVEMENT DETECTED: Cuboid2 moved to array('f', [-0.6499999761581421, 0.13503143191337585, 0.9300000071525574])
1764347596.4370642 [cube_tracker-2] [INFO] [1764347596.436538801] [cube_tracker]: MOVEMENT DETECTED: Cuboid2 moved to array('f', [-0.6499999761581421, 0.1500314325094223, 0.9300000071525574])
1764347596.6407678 [cube_tracker-2] [INFO] [1764347596.640205959] [cube_tracker]: MOVEMENT DETECTED: Cuboid2 moved to array('f', [-0.6499999761581421, 0.16503143310546875, 0.9300000071525574])
1764347596.8372664 [cube_tracker-2] [INFO] [1764347596.836707951] [cube_tracker]: MOVEMENT DETECTED: Cuboid2 moved to array('f', [-0.6499999761581421, 0.18753081560134888, 0.9300000071525574])
1764347597.0370159 [cube_tracker-2] [INFO] [1764347597.036492691] [cube_tracker]: MOVEMENT DETECTED: Cuboid2 moved to array('f', [-0.6499999761581421, 0.2023196965456009, 0.9300000071525574])
1764347597.2370179 [cube_tracker-2] [INFO] [1764347597.236488954] [cube_tracker]: MOVEMENT DETECTED: Cuboid2 moved to array('f', [-0.6499999761581421, 0.22250303626060486, 0.9300000071525574])
1764347597.4370301 [cube_tracker-2] [INFO] [1764347597.436565353] [cube_tracker]: MOVEMENT DETECTED: Cuboid2 moved to array('f', [-0.6499999761581421, 0.23788636922836304, 0.9300000071525574])
1764347597.8364971 [cube_tracker-2] [INFO] [1764347597.836051364] [cube_tracker]: MOVEMENT DETECTED: Cuboid2 moved to array('f', [-0.6499999761581421, 0.24791599810123444, 0.9300000071525574])
1764347606.2362835 [cube_tracker-2] [INFO] [1764347606.235731255] [cube_tracker]: MOVEMENT DETECTED: Cuboid3 moved to array('f', [-0.6499999761581421, -0.18343015015125275, 0.9300000071525574])
1764347606.4363952 [cube_tracker-2] [INFO] [1764347606.435865157] [cube_tracker]: MOVEMENT DETECTED: Cuboid3 moved to array('f', [-0.6499999761581421, -0.17245836555957794, 0.9300000071525574])
1764347606.5358481 [cube_tracker-2] [INFO] [1764347606.535421197] [cube_tracker]: MOVEMENT DETECTED: Cuboid3 moved to array('f', [-0.6499999761581421, -0.15935838222503662, 0.9300000071525574])
1764347606.7359078 [cube_tracker-2] [INFO] [1764347606.735433277] [cube_tracker]: MOVEMENT DETECTED: Cuboid3 moved to array('f', [-0.6499999761581421, -0.13746801018714905, 0.9300000071525574])
1764347606.9358933 [cube_tracker-2] [INFO] [1764347606.935414855] [cube_tracker]: MOVEMENT DETECTED: Cuboid3 moved to array('f', [-0.6499999761581421, -0.12246856838464737, 0.9300000071525574])
1764347607.0363533 [cube_tracker-2] [INFO] [1764347607.035865018] [cube_tracker]: MOVEMENT DETECTED: Cuboid3 moved to array('f', [-0.6499999761581421, -0.10746856778860092, 0.9300000071525574])
1764347607.2363067 [cube_tracker-2] [INFO] [1764347607.235815238] [cube_tracker]: MOVEMENT DETECTED: Cuboid3 moved to array('f', [-0.6499999761581421, -0.09246856719255447, 0.9300000071525574])
1764347607.3363295 [cube_tracker-2] [INFO] [1764347607.335800538] [cube_tracker]: MOVEMENT DETECTED: Cuboid3 moved to array('f', [-0.6499999761581421, -0.07746856659650803, 0.9300000071525574])
1764347607.5364559 [cube_tracker-2] [INFO] [1764347607.535938930] [cube_tracker]: MOVEMENT DETECTED: Cuboid3 moved to array('f', [-0.6499999761581421, -0.06246856600046158, 0.9300000071525574])
1764347607.6365128 [cube_tracker-2] [INFO] [1764347607.635961656] [cube_tracker]: MOVEMENT DETECTED: Cuboid3 moved to array('f', [-0.6499999761581421, -0.04746856540441513, 0.9300000071525574])
1764347607.8367739 [cube_tracker-2] [INFO] [1764347607.836233503] [cube_tracker]: MOVEMENT DETECTED: Cuboid3 moved to array('f', [-0.6499999761581421, -0.03246856480836868, 0.9300000071525574])
1764347607.9375966 [cube_tracker-2] [INFO] [1764347607.937059845] [cube_tracker]: MOVEMENT DETECTED: Cuboid3 moved to array('f', [-0.6499999761581421, -0.017468566074967384, 0.9300000071525574])
1764347608.1370997 [cube_tracker-2] [INFO] [1764347608.136580755] [cube_tracker]: MOVEMENT DETECTED: Cuboid3 moved to array('f', [-0.6499999761581421, -0.002468565944582224, 0.9300000071525574])
1764347608.3362870 [cube_tracker-2] [INFO] [1764347608.335773750] [cube_tracker]: MOVEMENT DETECTED: Cuboid3 moved to array('f', [-0.6499999761581421, 0.020031433552503586, 0.9300000071525574])
1764347608.5364766 [cube_tracker-2] [INFO] [1764347608.535993444] [cube_tracker]: MOVEMENT DETECTED: Cuboid3 moved to array('f', [-0.6499999761581421, 0.035031434148550034, 0.9300000071525574])
1764347608.7364883 [cube_tracker-2] [INFO] [1764347608.735977050] [cube_tracker]: MOVEMENT DETECTED: Cuboid3 moved to array('f', [-0.6499999761581421, 0.057531435042619705, 0.9300000071525574])
1764347608.9365575 [cube_tracker-2] [INFO] [1764347608.936058653] [cube_tracker]: MOVEMENT DETECTED: Cuboid3 moved to array('f', [-0.6499999761581421, 0.07253143191337585, 0.9300000071525574])
1764347609.1363633 [cube_tracker-2] [INFO] [1764347609.135872676] [cube_tracker]: MOVEMENT DETECTED: Cuboid3 moved to array('f', [-0.6499999761581421, 0.09499192982912064, 0.9300000071525574])
1764347609.3365412 [cube_tracker-2] [INFO] [1764347609.336065901] [cube_tracker]: MOVEMENT DETECTED: Cuboid3 moved to array('f', [-0.6499999761581421, 0.10941415280103683, 0.9300000071525574])
1764347609.5365267 [cube_tracker-2] [INFO] [1764347609.536017135] [cube_tracker]: MOVEMENT DETECTED: Cuboid3 moved to array('f', [-0.6499999761581421, 0.12829747796058655, 0.9300000071525574])
1764347609.8370299 [cube_tracker-2] [INFO] [1764347609.836512293] [cube_tracker]: MOVEMENT DETECTED: Cuboid3 moved to array('f', [-0.6499999761581421, 0.14149098098278046, 0.9300000071525574])
1764347619.0002582 [WARNING] [launch]: user interrupted with ctrl-c (SIGINT)
1764347619.0106797 [cube_tracker-2] Traceback (most recent call last):
1764347619.0113704 [cube_tracker-2]   File "/home/rosuser/ros2_ws/install/dnf_tracker/lib/dnf_tracker/cube_tracker", line 33, in <module>
1764347619.0117550 [cube_tracker-2]     sys.exit(load_entry_point('dnf-tracker', 'console_scripts', 'cube_tracker')())
1764347619.0120785 [cube_tracker-2]   File "/home/rosuser/ros2_ws/build/dnf_tracker/dnf_tracker/cube_tracker_node.py", line 45, in main
1764347619.0123880 [cube_tracker-2]     rclpy.spin(node)
1764347619.0127206 [cube_tracker-2]   File "/opt/ros/humble/local/lib/python3.10/dist-packages/rclpy/__init__.py", line 229, in spin
1764347619.0130229 [cube_tracker-2]     executor.spin_once()
1764347619.0133178 [cube_tracker-2]   File "/opt/ros/humble/local/lib/python3.10/dist-packages/rclpy/executors.py", line 751, in spin_once
1764347619.0136156 [cube_tracker-2]     self._spin_once_impl(timeout_sec)
1764347619.0139074 [cube_tracker-2]   File "/opt/ros/humble/local/lib/python3.10/dist-packages/rclpy/executors.py", line 740, in _spin_once_impl
1764347619.0180888 [cube_tracker-2]     handler, entity, node = self.wait_for_ready_callbacks(timeout_sec=timeout_sec)
1764347619.0185239 [cube_tracker-2]   File "/opt/ros/humble/local/lib/python3.10/dist-packages/rclpy/executors.py", line 723, in wait_for_ready_callbacks
1764347619.0192344 [cube_tracker-2]     return next(self._cb_iter)
1764347619.0196114 [cube_tracker-2]   File "/opt/ros/humble/local/lib/python3.10/dist-packages/rclpy/executors.py", line 620, in _wait_for_ready_callbacks
1764347619.0199730 [cube_tracker-2]     wait_set.wait(timeout_nsec)
1764347619.0203226 [cube_tracker-2] KeyboardInterrupt
1764347619.0897851 [ERROR] [cube_tracker-2]: process has died [pid 503418, exit code -2, cmd '/home/rosuser/ros2_ws/install/dnf_tracker/lib/dnf_tracker/cube_tracker --ros-args -r __node:=cube_tracker'].
1764347619.5216389 [bridge_node-1] ----------------------------------------------------
1764347619.5220549 [bridge_node-1] The remoteApi library could not be loaded. Make sure
1764347619.5223489 [bridge_node-1] it is located in the same folder as "sim.py", or
1764347619.5226159 [bridge_node-1] appropriately adjust the file "sim.py"
1764347619.5228508 [bridge_node-1] ----------------------------------------------------
1764347619.5230780 [bridge_node-1] 
1764347619.5239549 [bridge_node-1] Traceback (most recent call last):
1764347619.5243723 [bridge_node-1]   File "/home/rosuser/ros2_ws/install/coppelia_bridge/lib/coppelia_bridge/bridge_node", line 33, in <module>
1764347619.5251646 [bridge_node-1]     sys.exit(load_entry_point('coppelia-bridge', 'console_scripts', 'bridge_node')())
1764347619.5255797 [bridge_node-1]   File "/home/rosuser/ros2_ws/build/coppelia_bridge/coppelia_bridge/bridge_node.py", line 77, in main
1764347619.5259490 [bridge_node-1]     rclpy.shutdown()
1764347619.5263386 [bridge_node-1]   File "/opt/ros/humble/local/lib/python3.10/dist-packages/rclpy/__init__.py", line 130, in shutdown
1764347619.5266924 [bridge_node-1]     _shutdown(context=context)
1764347619.5270317 [bridge_node-1]   File "/opt/ros/humble/local/lib/python3.10/dist-packages/rclpy/utilities.py", line 58, in shutdown
1764347619.5273728 [bridge_node-1]     return context.shutdown()
1764347619.5277123 [bridge_node-1]   File "/opt/ros/humble/local/lib/python3.10/dist-packages/rclpy/context.py", line 102, in shutdown
1764347619.5280497 [bridge_node-1]     self.__context.shutdown()
1764347619.5283825 [bridge_node-1] rclpy._rclpy_pybind11.RCLError: failed to shutdown: rcl_shutdown already called on the given context, at ./src/rcl/init.c:241
1764347619.7040153 [ERROR] [bridge_node-1]: process has died [pid 503416, exit code 1, cmd '/home/rosuser/ros2_ws/install/coppelia_bridge/lib/coppelia_bridge/bridge_node --ros-args -r __node:=coppelia_bridge'].
