[1.972s] Invoking command in '/home/rosuser/ros2_ws/build/coppelia_bridge': PYTHONPATH=/home/rosuser/ros2_ws/build/coppelia_bridge/prefix_override:/usr/local/lib/python3.10/dist-packages/colcon_core/task/python/colcon_distutils_commands:/home/rosuser/ros2_ws/install/coppelia_bridge/lib/python3.10/site-packages:${PYTHONPATH} /usr/bin/python3 -W ignore:setup.py install is deprecated -W ignore:easy_install command is deprecated setup.py develop --editable --build-directory /home/rosuser/ros2_ws/build/coppelia_bridge/build --no-deps symlink_data
[2.493s] running develop
[2.766s] running egg_info
[2.788s] creating coppelia_bridge.egg-info
[2.789s] writing coppelia_bridge.egg-info/PKG-INFO
[2.790s] writing dependency_links to coppelia_bridge.egg-info/dependency_links.txt
[2.790s] writing entry points to coppelia_bridge.egg-info/entry_points.txt
[2.791s] writing requirements to coppelia_bridge.egg-info/requires.txt
[2.791s] writing top-level names to coppelia_bridge.egg-info/top_level.txt
[2.791s] writing manifest file 'coppelia_bridge.egg-info/SOURCES.txt'
[2.841s] reading manifest file 'coppelia_bridge.egg-info/SOURCES.txt'
[2.843s] writing manifest file 'coppelia_bridge.egg-info/SOURCES.txt'
[2.867s] running build_ext
[2.867s] Creating /home/rosuser/ros2_ws/install/coppelia_bridge/lib/python3.10/site-packages/coppelia-bridge.egg-link (link to .)
[2.869s] Installing bridge_node script to /home/rosuser/ros2_ws/install/coppelia_bridge/lib/coppelia_bridge
[2.869s] 
[2.870s] Installed /home/rosuser/ros2_ws/build/coppelia_bridge
[2.870s] running symlink_data
[2.870s] creating /home/rosuser/ros2_ws/install/coppelia_bridge/share/ament_index/resource_index/packages
[2.871s] symbolically linking /home/rosuser/ros2_ws/build/coppelia_bridge/resource/coppelia_bridge -> /home/rosuser/ros2_ws/install/coppelia_bridge/share/ament_index/resource_index/packages
[2.871s] symbolically linking /home/rosuser/ros2_ws/build/coppelia_bridge/package.xml -> /home/rosuser/ros2_ws/install/coppelia_bridge/share/coppelia_bridge
[2.907s] Invoked command in '/home/rosuser/ros2_ws/build/coppelia_bridge' returned '0': PYTHONPATH=/home/rosuser/ros2_ws/build/coppelia_bridge/prefix_override:/usr/local/lib/python3.10/dist-packages/colcon_core/task/python/colcon_distutils_commands:/home/rosuser/ros2_ws/install/coppelia_bridge/lib/python3.10/site-packages:${PYTHONPATH} /usr/bin/python3 -W ignore:setup.py install is deprecated -W ignore:easy_install command is deprecated setup.py develop --editable --build-directory /home/rosuser/ros2_ws/build/coppelia_bridge/build --no-deps symlink_data
