[0.538s] DEBUG:colcon:Command line arguments: ['/usr/local/bin/colcon', 'build', '--symlink-install']
[0.538s] DEBUG:colcon:Parsed command line arguments: Namespace(log_base=None, log_level=None, verb_name='build', build_base='build', install_base='install', merge_install=False, symlink_install=True, test_result_base=None, continue_on_error=False, executor='parallel', parallel_workers=8, event_handlers=None, ignore_user_meta=False, metas=['./colcon.meta'], base_paths=['.'], packages_ignore=None, packages_ignore_regex=None, paths=None, packages_up_to=None, packages_up_to_regex=None, packages_above=None, packages_above_and_dependencies=None, packages_above_depth=None, packages_select_by_dep=None, packages_skip_by_dep=None, packages_skip_up_to=None, packages_select_build_failed=False, packages_skip_build_finished=False, packages_select_test_failures=False, packages_skip_test_passed=False, packages_select=None, packages_skip=None, packages_select_regex=None, packages_skip_regex=None, packages_start=None, packages_end=None, cmake_args=None, cmake_target=None, cmake_target_skip_unavailable=False, cmake_clean_cache=False, cmake_clean_first=False, cmake_force_configure=False, ament_cmake_args=None, catkin_cmake_args=None, catkin_skip_building_tests=False, verb_parser=<colcon_defaults.argument_parser.defaults.DefaultArgumentsDecorator object at 0x7f895723c820>, verb_extension=<colcon_core.verb.build.BuildVerb object at 0x7f895723c280>, main=<bound method BuildVerb.main of <colcon_core.verb.build.BuildVerb object at 0x7f895723c280>>)
[0.699s] Level 1:colcon.colcon_core.package_discovery:discover_packages(colcon_meta) check parameters
[0.700s] Level 1:colcon.colcon_core.package_discovery:discover_packages(recursive) check parameters
[0.700s] Level 1:colcon.colcon_core.package_discovery:discover_packages(ignore) check parameters
[0.701s] Level 1:colcon.colcon_core.package_discovery:discover_packages(path) check parameters
[0.701s] Level 1:colcon.colcon_core.package_discovery:discover_packages(colcon_meta) discover
[0.702s] Level 1:colcon.colcon_core.package_discovery:discover_packages(recursive) discover
[0.702s] INFO:colcon.colcon_core.package_discovery:Crawling recursively for packages in '/home/rosuser/ros2_ws'
[0.703s] Level 1:colcon.colcon_core.package_identification:_identify(.) by extensions ['ignore', 'ignore_ament_install']
[0.704s] Level 1:colcon.colcon_core.package_identification:_identify(.) by extension 'ignore'
[0.705s] Level 1:colcon.colcon_core.package_identification:_identify(.) by extension 'ignore_ament_install'
[0.705s] Level 1:colcon.colcon_core.package_identification:_identify(.) by extensions ['colcon_pkg']
[0.706s] Level 1:colcon.colcon_core.package_identification:_identify(.) by extension 'colcon_pkg'
[0.706s] Level 1:colcon.colcon_core.package_identification:_identify(.) by extensions ['colcon_meta']
[0.707s] Level 1:colcon.colcon_core.package_identification:_identify(.) by extension 'colcon_meta'
[0.707s] Level 1:colcon.colcon_core.package_identification:_identify(.) by extensions ['ros']
[0.708s] Level 1:colcon.colcon_core.package_identification:_identify(.) by extension 'ros'
[0.773s] Level 1:colcon.colcon_core.package_identification:_identify(.) by extensions ['cmake', 'python']
[0.773s] Level 1:colcon.colcon_core.package_identification:_identify(.) by extension 'cmake'
[0.774s] Level 1:colcon.colcon_core.package_identification:_identify(.) by extension 'python'
[0.775s] Level 1:colcon.colcon_core.package_identification:_identify(.) by extensions ['python_setup_py']
[0.775s] Level 1:colcon.colcon_core.package_identification:_identify(.) by extension 'python_setup_py'
[0.776s] Level 1:colcon.colcon_core.package_identification:_identify(build) by extensions ['ignore', 'ignore_ament_install']
[0.777s] Level 1:colcon.colcon_core.package_identification:_identify(build) by extension 'ignore'
[0.777s] Level 1:colcon.colcon_core.package_identification:_identify(build) ignored
[0.778s] Level 1:colcon.colcon_core.package_identification:_identify(install) by extensions ['ignore', 'ignore_ament_install']
[0.779s] Level 1:colcon.colcon_core.package_identification:_identify(install) by extension 'ignore'
[0.779s] Level 1:colcon.colcon_core.package_identification:_identify(install) ignored
[0.780s] Level 1:colcon.colcon_core.package_identification:_identify(log) by extensions ['ignore', 'ignore_ament_install']
[0.781s] Level 1:colcon.colcon_core.package_identification:_identify(log) by extension 'ignore'
[0.781s] Level 1:colcon.colcon_core.package_identification:_identify(log) ignored
[0.782s] Level 1:colcon.colcon_core.package_identification:_identify(src) by extensions ['ignore', 'ignore_ament_install']
[0.782s] Level 1:colcon.colcon_core.package_identification:_identify(src) by extension 'ignore'
[0.783s] Level 1:colcon.colcon_core.package_identification:_identify(src) by extension 'ignore_ament_install'
[0.784s] Level 1:colcon.colcon_core.package_identification:_identify(src) by extensions ['colcon_pkg']
[0.784s] Level 1:colcon.colcon_core.package_identification:_identify(src) by extension 'colcon_pkg'
[0.785s] Level 1:colcon.colcon_core.package_identification:_identify(src) by extensions ['colcon_meta']
[0.785s] Level 1:colcon.colcon_core.package_identification:_identify(src) by extension 'colcon_meta'
[0.786s] Level 1:colcon.colcon_core.package_identification:_identify(src) by extensions ['ros']
[0.786s] Level 1:colcon.colcon_core.package_identification:_identify(src) by extension 'ros'
[0.787s] Level 1:colcon.colcon_core.package_identification:_identify(src) by extensions ['cmake', 'python']
[0.787s] Level 1:colcon.colcon_core.package_identification:_identify(src) by extension 'cmake'
[0.788s] Level 1:colcon.colcon_core.package_identification:_identify(src) by extension 'python'
[0.788s] Level 1:colcon.colcon_core.package_identification:_identify(src) by extensions ['python_setup_py']
[0.789s] Level 1:colcon.colcon_core.package_identification:_identify(src) by extension 'python_setup_py'
[0.790s] Level 1:colcon.colcon_core.package_identification:_identify(src/coppelia_bridge) by extensions ['ignore', 'ignore_ament_install']
[0.790s] Level 1:colcon.colcon_core.package_identification:_identify(src/coppelia_bridge) by extension 'ignore'
[0.791s] Level 1:colcon.colcon_core.package_identification:_identify(src/coppelia_bridge) by extension 'ignore_ament_install'
[0.792s] Level 1:colcon.colcon_core.package_identification:_identify(src/coppelia_bridge) by extensions ['colcon_pkg']
[0.792s] Level 1:colcon.colcon_core.package_identification:_identify(src/coppelia_bridge) by extension 'colcon_pkg'
[0.792s] Level 1:colcon.colcon_core.package_identification:_identify(src/coppelia_bridge) by extensions ['colcon_meta']
[0.793s] Level 1:colcon.colcon_core.package_identification:_identify(src/coppelia_bridge) by extension 'colcon_meta'
[0.793s] Level 1:colcon.colcon_core.package_identification:_identify(src/coppelia_bridge) by extensions ['ros']
[0.794s] Level 1:colcon.colcon_core.package_identification:_identify(src/coppelia_bridge) by extension 'ros'
[0.804s] DEBUG:colcon.colcon_core.package_identification:Package 'src/coppelia_bridge' with type 'ros.ament_python' and name 'coppelia_bridge'
[0.805s] Level 1:colcon.colcon_core.package_identification:_identify(src/dnf_tracker) by extensions ['ignore', 'ignore_ament_install']
[0.806s] Level 1:colcon.colcon_core.package_identification:_identify(src/dnf_tracker) by extension 'ignore'
[0.806s] Level 1:colcon.colcon_core.package_identification:_identify(src/dnf_tracker) by extension 'ignore_ament_install'
[0.807s] Level 1:colcon.colcon_core.package_identification:_identify(src/dnf_tracker) by extensions ['colcon_pkg']
[0.807s] Level 1:colcon.colcon_core.package_identification:_identify(src/dnf_tracker) by extension 'colcon_pkg'
[0.808s] Level 1:colcon.colcon_core.package_identification:_identify(src/dnf_tracker) by extensions ['colcon_meta']
[0.808s] Level 1:colcon.colcon_core.package_identification:_identify(src/dnf_tracker) by extension 'colcon_meta'
[0.809s] Level 1:colcon.colcon_core.package_identification:_identify(src/dnf_tracker) by extensions ['ros']
[0.809s] Level 1:colcon.colcon_core.package_identification:_identify(src/dnf_tracker) by extension 'ros'
[0.812s] DEBUG:colcon.colcon_core.package_identification:Package 'src/dnf_tracker' with type 'ros.ament_python' and name 'dnf_tracker'
[0.813s] Level 1:colcon.colcon_core.package_identification:_identify(src/src) by extensions ['ignore', 'ignore_ament_install']
[0.813s] Level 1:colcon.colcon_core.package_identification:_identify(src/src) by extension 'ignore'
[0.814s] Level 1:colcon.colcon_core.package_identification:_identify(src/src) by extension 'ignore_ament_install'
[0.814s] Level 1:colcon.colcon_core.package_identification:_identify(src/src) by extensions ['colcon_pkg']
[0.815s] Level 1:colcon.colcon_core.package_identification:_identify(src/src) by extension 'colcon_pkg'
[0.815s] Level 1:colcon.colcon_core.package_identification:_identify(src/src) by extensions ['colcon_meta']
[0.816s] Level 1:colcon.colcon_core.package_identification:_identify(src/src) by extension 'colcon_meta'
[0.816s] Level 1:colcon.colcon_core.package_identification:_identify(src/src) by extensions ['ros']
[0.817s] Level 1:colcon.colcon_core.package_identification:_identify(src/src) by extension 'ros'
[0.818s] Level 1:colcon.colcon_core.package_identification:_identify(src/src) by extensions ['cmake', 'python']
[0.818s] Level 1:colcon.colcon_core.package_identification:_identify(src/src) by extension 'cmake'
[0.819s] Level 1:colcon.colcon_core.package_identification:_identify(src/src) by extension 'python'
[0.819s] Level 1:colcon.colcon_core.package_identification:_identify(src/src) by extensions ['python_setup_py']
[0.820s] Level 1:colcon.colcon_core.package_identification:_identify(src/src) by extension 'python_setup_py'
[0.820s] Level 1:colcon.colcon_core.package_discovery:discover_packages(recursive) using defaults
[0.821s] Level 1:colcon.colcon_core.package_discovery:discover_packages(ignore) discover
[0.821s] Level 1:colcon.colcon_core.package_discovery:discover_packages(ignore) using defaults
[0.822s] Level 1:colcon.colcon_core.package_discovery:discover_packages(path) discover
[0.822s] Level 1:colcon.colcon_core.package_discovery:discover_packages(path) using defaults
[0.914s] Level 5:colcon.colcon_core.verb:set package 'coppelia_bridge' build argument 'cmake_args' from command line to 'None'
[0.914s] Level 5:colcon.colcon_core.verb:set package 'coppelia_bridge' build argument 'cmake_target' from command line to 'None'
[0.915s] Level 5:colcon.colcon_core.verb:set package 'coppelia_bridge' build argument 'cmake_target_skip_unavailable' from command line to 'False'
[0.915s] Level 5:colcon.colcon_core.verb:set package 'coppelia_bridge' build argument 'cmake_clean_cache' from command line to 'False'
[0.916s] Level 5:colcon.colcon_core.verb:set package 'coppelia_bridge' build argument 'cmake_clean_first' from command line to 'False'
[0.916s] Level 5:colcon.colcon_core.verb:set package 'coppelia_bridge' build argument 'cmake_force_configure' from command line to 'False'
[0.916s] Level 5:colcon.colcon_core.verb:set package 'coppelia_bridge' build argument 'ament_cmake_args' from command line to 'None'
[0.917s] Level 5:colcon.colcon_core.verb:set package 'coppelia_bridge' build argument 'catkin_cmake_args' from command line to 'None'
[0.917s] Level 5:colcon.colcon_core.verb:set package 'coppelia_bridge' build argument 'catkin_skip_building_tests' from command line to 'False'
[0.918s] DEBUG:colcon.colcon_core.verb:Building package 'coppelia_bridge' with the following arguments: {'ament_cmake_args': None, 'build_base': '/home/rosuser/ros2_ws/build/coppelia_bridge', 'catkin_cmake_args': None, 'catkin_skip_building_tests': False, 'cmake_args': None, 'cmake_clean_cache': False, 'cmake_clean_first': False, 'cmake_force_configure': False, 'cmake_target': None, 'cmake_target_skip_unavailable': False, 'install_base': '/home/rosuser/ros2_ws/install/coppelia_bridge', 'merge_install': False, 'path': '/home/rosuser/ros2_ws/src/coppelia_bridge', 'symlink_install': True, 'test_result_base': None}
[0.920s] Level 5:colcon.colcon_core.verb:set package 'dnf_tracker' build argument 'cmake_args' from command line to 'None'
[0.920s] Level 5:colcon.colcon_core.verb:set package 'dnf_tracker' build argument 'cmake_target' from command line to 'None'
[0.920s] Level 5:colcon.colcon_core.verb:set package 'dnf_tracker' build argument 'cmake_target_skip_unavailable' from command line to 'False'
[0.921s] Level 5:colcon.colcon_core.verb:set package 'dnf_tracker' build argument 'cmake_clean_cache' from command line to 'False'
[0.921s] Level 5:colcon.colcon_core.verb:set package 'dnf_tracker' build argument 'cmake_clean_first' from command line to 'False'
[0.922s] Level 5:colcon.colcon_core.verb:set package 'dnf_tracker' build argument 'cmake_force_configure' from command line to 'False'
[0.922s] Level 5:colcon.colcon_core.verb:set package 'dnf_tracker' build argument 'ament_cmake_args' from command line to 'None'
[0.922s] Level 5:colcon.colcon_core.verb:set package 'dnf_tracker' build argument 'catkin_cmake_args' from command line to 'None'
[0.923s] Level 5:colcon.colcon_core.verb:set package 'dnf_tracker' build argument 'catkin_skip_building_tests' from command line to 'False'
[0.923s] DEBUG:colcon.colcon_core.verb:Building package 'dnf_tracker' with the following arguments: {'ament_cmake_args': None, 'build_base': '/home/rosuser/ros2_ws/build/dnf_tracker', 'catkin_cmake_args': None, 'catkin_skip_building_tests': False, 'cmake_args': None, 'cmake_clean_cache': False, 'cmake_clean_first': False, 'cmake_force_configure': False, 'cmake_target': None, 'cmake_target_skip_unavailable': False, 'install_base': '/home/rosuser/ros2_ws/install/dnf_tracker', 'merge_install': False, 'path': '/home/rosuser/ros2_ws/src/dnf_tracker', 'symlink_install': True, 'test_result_base': None}
[0.924s] INFO:colcon.colcon_core.executor:Executing jobs using 'parallel' executor
[0.928s] DEBUG:colcon.colcon_parallel_executor.executor.parallel:run_until_complete
[0.930s] INFO:colcon.colcon_ros.task.ament_python.build:Building ROS package in '/home/rosuser/ros2_ws/src/coppelia_bridge' with build type 'ament_python'
[0.931s] Level 1:colcon.colcon_core.shell:create_environment_hook('coppelia_bridge', 'ament_prefix_path')
[0.940s] INFO:colcon.colcon_core.plugin_system:Skipping extension 'colcon_core.shell.bat': Not used on non-Windows systems
[0.941s] INFO:colcon.colcon_core.shell:Creating environment hook '/home/rosuser/ros2_ws/install/coppelia_bridge/share/coppelia_bridge/hook/ament_prefix_path.ps1'
[0.947s] INFO:colcon.colcon_core.shell:Creating environment descriptor '/home/rosuser/ros2_ws/install/coppelia_bridge/share/coppelia_bridge/hook/ament_prefix_path.dsv'
[0.950s] INFO:colcon.colcon_core.shell:Creating environment hook '/home/rosuser/ros2_ws/install/coppelia_bridge/share/coppelia_bridge/hook/ament_prefix_path.sh'
[0.954s] INFO:colcon.colcon_core.shell:Skip shell extension 'powershell' for command environment: Not usable outside of PowerShell
[0.954s] DEBUG:colcon.colcon_core.shell:Skip shell extension 'dsv' for command environment
[0.959s] WARNING:colcon.colcon_ros.prefix_path.ament:The path '/home/rosuser/ros2_ws/install/dnf_tracker' in the environment variable AMENT_PREFIX_PATH doesn't exist
[0.984s] INFO:colcon.colcon_ros.task.ament_python.build:Building ROS package in '/home/rosuser/ros2_ws/src/dnf_tracker' with build type 'ament_python'
[0.985s] Level 1:colcon.colcon_core.shell:create_environment_hook('dnf_tracker', 'ament_prefix_path')
[0.986s] INFO:colcon.colcon_core.shell:Creating environment hook '/home/rosuser/ros2_ws/install/dnf_tracker/share/dnf_tracker/hook/ament_prefix_path.ps1'
[0.989s] INFO:colcon.colcon_core.shell:Creating environment descriptor '/home/rosuser/ros2_ws/install/dnf_tracker/share/dnf_tracker/hook/ament_prefix_path.dsv'
[0.991s] INFO:colcon.colcon_core.shell:Creating environment hook '/home/rosuser/ros2_ws/install/dnf_tracker/share/dnf_tracker/hook/ament_prefix_path.sh'
[0.994s] INFO:colcon.colcon_core.shell:Skip shell extension 'powershell' for command environment: Not usable outside of PowerShell
[0.994s] DEBUG:colcon.colcon_core.shell:Skip shell extension 'dsv' for command environment
[1.750s] INFO:colcon.colcon_core.task.python.build:Building Python package in '/home/rosuser/ros2_ws/src/coppelia_bridge'
[1.750s] INFO:colcon.colcon_core.shell:Skip shell extension 'powershell' for command environment: Not usable outside of PowerShell
[1.750s] DEBUG:colcon.colcon_core.shell:Skip shell extension 'dsv' for command environment
[2.122s] INFO:colcon.colcon_core.task.python.build:Building Python package in '/home/rosuser/ros2_ws/src/dnf_tracker'
[2.123s] INFO:colcon.colcon_core.shell:Skip shell extension 'powershell' for command environment: Not usable outside of PowerShell
[2.123s] DEBUG:colcon.colcon_core.shell:Skip shell extension 'dsv' for command environment
[2.902s] DEBUG:colcon.colcon_core.event_handler.log_command:Invoking command in '/home/rosuser/ros2_ws/build/coppelia_bridge': PYTHONPATH=/home/rosuser/ros2_ws/build/coppelia_bridge/prefix_override:/usr/local/lib/python3.10/dist-packages/colcon_core/task/python/colcon_distutils_commands:/home/rosuser/ros2_ws/install/coppelia_bridge/lib/python3.10/site-packages:${PYTHONPATH} /usr/bin/python3 -W ignore:setup.py install is deprecated -W ignore:easy_install command is deprecated setup.py develop --editable --build-directory /home/rosuser/ros2_ws/build/coppelia_bridge/build --no-deps symlink_data
[2.964s] DEBUG:colcon.colcon_core.event_handler.log_command:Invoking command in '/home/rosuser/ros2_ws/build/dnf_tracker': PYTHONPATH=/home/rosuser/ros2_ws/build/dnf_tracker/prefix_override:/usr/local/lib/python3.10/dist-packages/colcon_core/task/python/colcon_distutils_commands:/home/rosuser/ros2_ws/install/dnf_tracker/lib/python3.10/site-packages:${PYTHONPATH} /usr/bin/python3 -W ignore:setup.py install is deprecated -W ignore:easy_install command is deprecated setup.py develop --editable --build-directory /home/rosuser/ros2_ws/build/dnf_tracker/build --no-deps symlink_data
[3.836s] Level 1:colcon.colcon_core.shell:create_environment_hook('coppelia_bridge', 'pythonpath_develop')
[3.836s] INFO:colcon.colcon_core.shell:Creating environment hook '/home/rosuser/ros2_ws/build/coppelia_bridge/share/coppelia_bridge/hook/pythonpath_develop.ps1'
[3.837s] DEBUG:colcon.colcon_core.event_handler.log_command:Invoked command in '/home/rosuser/ros2_ws/build/coppelia_bridge' returned '0': PYTHONPATH=/home/rosuser/ros2_ws/build/coppelia_bridge/prefix_override:/usr/local/lib/python3.10/dist-packages/colcon_core/task/python/colcon_distutils_commands:/home/rosuser/ros2_ws/install/coppelia_bridge/lib/python3.10/site-packages:${PYTHONPATH} /usr/bin/python3 -W ignore:setup.py install is deprecated -W ignore:easy_install command is deprecated setup.py develop --editable --build-directory /home/rosuser/ros2_ws/build/coppelia_bridge/build --no-deps symlink_data
[3.838s] INFO:colcon.colcon_core.shell:Creating environment descriptor '/home/rosuser/ros2_ws/build/coppelia_bridge/share/coppelia_bridge/hook/pythonpath_develop.dsv'
[3.839s] INFO:colcon.colcon_core.shell:Creating environment hook '/home/rosuser/ros2_ws/build/coppelia_bridge/share/coppelia_bridge/hook/pythonpath_develop.sh'
[3.851s] Level 1:colcon.colcon_core.environment:checking '/home/rosuser/ros2_ws/install/coppelia_bridge' for CMake module files
[3.852s] Level 1:colcon.colcon_core.environment:checking '/home/rosuser/ros2_ws/install/coppelia_bridge' for CMake config files
[3.854s] Level 1:colcon.colcon_core.environment:checking '/home/rosuser/ros2_ws/install/coppelia_bridge/lib'
[3.854s] Level 1:colcon.colcon_core.environment:checking '/home/rosuser/ros2_ws/install/coppelia_bridge/bin'
[3.854s] Level 1:colcon.colcon_core.environment:checking '/home/rosuser/ros2_ws/install/coppelia_bridge/lib/pkgconfig/coppelia_bridge.pc'
[3.855s] Level 1:colcon.colcon_core.environment:checking '/home/rosuser/ros2_ws/install/coppelia_bridge/lib/python3.10/site-packages'
[3.855s] Level 1:colcon.colcon_core.shell:create_environment_hook('coppelia_bridge', 'pythonpath')
[3.855s] INFO:colcon.colcon_core.shell:Creating environment hook '/home/rosuser/ros2_ws/install/coppelia_bridge/share/coppelia_bridge/hook/pythonpath.ps1'
[3.856s] INFO:colcon.colcon_core.shell:Creating environment descriptor '/home/rosuser/ros2_ws/install/coppelia_bridge/share/coppelia_bridge/hook/pythonpath.dsv'
[3.857s] INFO:colcon.colcon_core.shell:Creating environment hook '/home/rosuser/ros2_ws/install/coppelia_bridge/share/coppelia_bridge/hook/pythonpath.sh'
[3.858s] Level 1:colcon.colcon_core.environment:checking '/home/rosuser/ros2_ws/install/coppelia_bridge/bin'
[3.858s] Level 1:colcon.colcon_core.environment:create_environment_scripts_only(coppelia_bridge)
[3.859s] INFO:colcon.colcon_core.shell:Creating package script '/home/rosuser/ros2_ws/install/coppelia_bridge/share/coppelia_bridge/package.ps1'
[3.861s] INFO:colcon.colcon_core.shell:Creating package descriptor '/home/rosuser/ros2_ws/install/coppelia_bridge/share/coppelia_bridge/package.dsv'
[3.862s] INFO:colcon.colcon_core.shell:Creating package script '/home/rosuser/ros2_ws/install/coppelia_bridge/share/coppelia_bridge/package.sh'
[3.864s] INFO:colcon.colcon_core.shell:Creating package script '/home/rosuser/ros2_ws/install/coppelia_bridge/share/coppelia_bridge/package.bash'
[3.865s] INFO:colcon.colcon_core.shell:Creating package script '/home/rosuser/ros2_ws/install/coppelia_bridge/share/coppelia_bridge/package.zsh'
[3.866s] Level 1:colcon.colcon_core.environment:create_file_with_runtime_dependencies(/home/rosuser/ros2_ws/install/coppelia_bridge/share/colcon-core/packages/coppelia_bridge)
[3.957s] Level 1:colcon.colcon_core.shell:create_environment_hook('dnf_tracker', 'pythonpath_develop')
[3.957s] INFO:colcon.colcon_core.shell:Creating environment hook '/home/rosuser/ros2_ws/build/dnf_tracker/share/dnf_tracker/hook/pythonpath_develop.ps1'
[3.958s] DEBUG:colcon.colcon_core.event_handler.log_command:Invoked command in '/home/rosuser/ros2_ws/build/dnf_tracker' returned '0': PYTHONPATH=/home/rosuser/ros2_ws/build/dnf_tracker/prefix_override:/usr/local/lib/python3.10/dist-packages/colcon_core/task/python/colcon_distutils_commands:/home/rosuser/ros2_ws/install/dnf_tracker/lib/python3.10/site-packages:${PYTHONPATH} /usr/bin/python3 -W ignore:setup.py install is deprecated -W ignore:easy_install command is deprecated setup.py develop --editable --build-directory /home/rosuser/ros2_ws/build/dnf_tracker/build --no-deps symlink_data
[3.959s] INFO:colcon.colcon_core.shell:Creating environment descriptor '/home/rosuser/ros2_ws/build/dnf_tracker/share/dnf_tracker/hook/pythonpath_develop.dsv'
[3.960s] INFO:colcon.colcon_core.shell:Creating environment hook '/home/rosuser/ros2_ws/build/dnf_tracker/share/dnf_tracker/hook/pythonpath_develop.sh'
[3.961s] Level 1:colcon.colcon_core.environment:checking '/home/rosuser/ros2_ws/install/dnf_tracker' for CMake module files
[3.962s] Level 1:colcon.colcon_core.environment:checking '/home/rosuser/ros2_ws/install/dnf_tracker' for CMake config files
[3.963s] Level 1:colcon.colcon_core.environment:checking '/home/rosuser/ros2_ws/install/dnf_tracker/lib'
[3.964s] Level 1:colcon.colcon_core.environment:checking '/home/rosuser/ros2_ws/install/dnf_tracker/bin'
[3.964s] Level 1:colcon.colcon_core.environment:checking '/home/rosuser/ros2_ws/install/dnf_tracker/lib/pkgconfig/dnf_tracker.pc'
[3.964s] Level 1:colcon.colcon_core.environment:checking '/home/rosuser/ros2_ws/install/dnf_tracker/lib/python3.10/site-packages'
[3.964s] Level 1:colcon.colcon_core.shell:create_environment_hook('dnf_tracker', 'pythonpath')
[3.965s] INFO:colcon.colcon_core.shell:Creating environment hook '/home/rosuser/ros2_ws/install/dnf_tracker/share/dnf_tracker/hook/pythonpath.ps1'
[3.965s] INFO:colcon.colcon_core.shell:Creating environment descriptor '/home/rosuser/ros2_ws/install/dnf_tracker/share/dnf_tracker/hook/pythonpath.dsv'
[3.972s] INFO:colcon.colcon_core.shell:Creating environment hook '/home/rosuser/ros2_ws/install/dnf_tracker/share/dnf_tracker/hook/pythonpath.sh'
[3.973s] Level 1:colcon.colcon_core.environment:checking '/home/rosuser/ros2_ws/install/dnf_tracker/bin'
[3.973s] Level 1:colcon.colcon_core.environment:create_environment_scripts_only(dnf_tracker)
[3.974s] INFO:colcon.colcon_core.shell:Creating package script '/home/rosuser/ros2_ws/install/dnf_tracker/share/dnf_tracker/package.ps1'
[3.975s] INFO:colcon.colcon_core.shell:Creating package descriptor '/home/rosuser/ros2_ws/install/dnf_tracker/share/dnf_tracker/package.dsv'
[3.976s] INFO:colcon.colcon_core.shell:Creating package script '/home/rosuser/ros2_ws/install/dnf_tracker/share/dnf_tracker/package.sh'
[3.977s] INFO:colcon.colcon_core.shell:Creating package script '/home/rosuser/ros2_ws/install/dnf_tracker/share/dnf_tracker/package.bash'
[3.978s] INFO:colcon.colcon_core.shell:Creating package script '/home/rosuser/ros2_ws/install/dnf_tracker/share/dnf_tracker/package.zsh'
[3.978s] Level 1:colcon.colcon_core.environment:create_file_with_runtime_dependencies(/home/rosuser/ros2_ws/install/dnf_tracker/share/colcon-core/packages/dnf_tracker)
[3.979s] DEBUG:colcon.colcon_parallel_executor.executor.parallel:closing loop
[3.980s] DEBUG:colcon.colcon_parallel_executor.executor.parallel:loop closed
[3.980s] DEBUG:colcon.colcon_parallel_executor.executor.parallel:run_until_complete finished with '0'
[3.980s] DEBUG:colcon.colcon_core.event_reactor:joining thread
[3.992s] INFO:colcon.colcon_core.plugin_system:Skipping extension 'colcon_notification.desktop_notification.notify_send': Could not find 'notify-send'
[3.993s] INFO:colcon.colcon_core.plugin_system:Skipping extension 'colcon_notification.desktop_notification.terminal_notifier': Not used on non-Darwin systems
[3.993s] INFO:colcon.colcon_core.plugin_system:Skipping extension 'colcon_notification.desktop_notification.win32': Not used on non-Windows systems
[3.993s] INFO:colcon.colcon_notification.desktop_notification:Sending desktop notification using 'notify2'
[3.998s] DEBUG:colcon.colcon_notification.desktop_notification.notify2:Failed to initialize notify2: org.freedesktop.DBus.Error.Spawn.ExecFailed: /usr/bin/dbus-launch terminated abnormally without any error message
[3.999s] DEBUG:colcon.colcon_core.event_reactor:joined thread
[4.000s] INFO:colcon.colcon_core.shell:Creating prefix script '/home/rosuser/ros2_ws/install/local_setup.ps1'
[4.002s] INFO:colcon.colcon_core.shell:Creating prefix util module '/home/rosuser/ros2_ws/install/_local_setup_util_ps1.py'
[4.004s] INFO:colcon.colcon_core.shell:Creating prefix chain script '/home/rosuser/ros2_ws/install/setup.ps1'
[4.006s] INFO:colcon.colcon_core.shell:Creating prefix script '/home/rosuser/ros2_ws/install/local_setup.sh'
[4.008s] INFO:colcon.colcon_core.shell:Creating prefix util module '/home/rosuser/ros2_ws/install/_local_setup_util_sh.py'
[4.009s] INFO:colcon.colcon_core.shell:Creating prefix chain script '/home/rosuser/ros2_ws/install/setup.sh'
[4.011s] INFO:colcon.colcon_core.shell:Creating prefix script '/home/rosuser/ros2_ws/install/local_setup.bash'
[4.012s] INFO:colcon.colcon_core.shell:Creating prefix chain script '/home/rosuser/ros2_ws/install/setup.bash'
[4.014s] INFO:colcon.colcon_core.shell:Creating prefix script '/home/rosuser/ros2_ws/install/local_setup.zsh'
[4.015s] INFO:colcon.colcon_core.shell:Creating prefix chain script '/home/rosuser/ros2_ws/install/setup.zsh'
