1764347898.4611387 [INFO] [launch]: All log files can be found below /home/rosuser/.ros/log/2025-11-28-16-38-18-458486-89e6d0df0c3d-504406
1764347898.4615526 [INFO] [launch]: Default logging verbosity is set to INFO
1764347898.5817540 [INFO] [bridge_node-1]: process started with pid [504418]
1764347898.5822659 [INFO] [cube_tracker-2]: process started with pid [504420]
1764347899.0357490 [cube_tracker-2] [INFO] [1764347899.035315572] [cube_tracker]: Tracker Started. Waiting for moves to finish...
1764347899.0829840 [bridge_node-1] [INFO] [1764347899.082595517] [coppelia_bridge]: Starting CoppeliaSim bridge...
1764347899.0865057 [bridge_node-1] [INFO] [1764347899.086294473] [coppelia_bridge]: Connected! ClientID: 0
1764347899.1239481 [bridge_node-1] [INFO] [1764347899.123704091] [coppelia_bridge]: Found Cuboid1, publishing to /cuboid1_pos
1764347899.1969957 [bridge_node-1] [INFO] [1764347899.196604978] [coppelia_bridge]: Found Cuboid2, publishing to /cuboid2_pos
1764347899.2436483 [bridge_node-1] [INFO] [1764347899.243278279] [coppelia_bridge]: Found Cuboid3, publishing to /cuboid3_pos
1764347913.6435833 [cube_tracker-2] [INFO] [1764347913.642766687] [cube_tracker]: ✅ FINAL: Cuboid1 finished moving. Distance: 0.20m. New Pos: array('f', [-0.6499999761581421, 0.19953908026218414, 0.9300000071525574])
1764347926.3436007 [cube_tracker-2] [INFO] [1764347926.342676577] [cube_tracker]: ✅ FINAL: Cuboid2 finished moving. Distance: 0.20m. New Pos: array('f', [-0.6499999761581421, 0.09996730089187622, 0.9300000071525574])
1764347938.5443873 [cube_tracker-2] [INFO] [1764347938.543658106] [cube_tracker]: ✅ FINAL: Cuboid3 finished moving. Distance: 0.20m. New Pos: array('f', [-0.6499999761581421, -3.2694300898583606e-05, 0.9300000071525574])
1764347946.4435093 [cube_tracker-2] [INFO] [1764347946.442756807] [cube_tracker]: ✅ FINAL: Cuboid1 finished moving. Distance: 0.20m. New Pos: array('f', [-0.6499999761581421, -4.440892098500626e-16, 0.9300000071525574])
1764347946.4461441 [cube_tracker-2] [INFO] [1764347946.445723680] [cube_tracker]: ✅ FINAL: Cuboid2 finished moving. Distance: 0.20m. New Pos: array('f', [-0.6499999761581421, -0.09999999403953552, 0.9300000071525574])
1764347946.4491284 [cube_tracker-2] [INFO] [1764347946.448692227] [cube_tracker]: ✅ FINAL: Cuboid3 finished moving. Distance: 0.20m. New Pos: array('f', [-0.6499999761581421, -0.19999998807907104, 0.9300000071525574])
1764347948.0988173 [WARNING] [launch]: user interrupted with ctrl-c (SIGINT)
1764347948.1049142 [cube_tracker-2] Traceback (most recent call last):
1764347948.1055655 [cube_tracker-2]   File "/home/rosuser/ros2_ws/install/dnf_tracker/lib/dnf_tracker/cube_tracker", line 33, in <module>
1764347948.1059482 [cube_tracker-2]     sys.exit(load_entry_point('dnf-tracker', 'console_scripts', 'cube_tracker')())
1764347948.1063936 [cube_tracker-2]   File "/home/rosuser/ros2_ws/build/dnf_tracker/dnf_tracker/cube_tracker_node.py", line 79, in main
1764347948.1067772 [cube_tracker-2]     rclpy.spin(node)
1764347948.1071479 [cube_tracker-2]   File "/opt/ros/humble/local/lib/python3.10/dist-packages/rclpy/__init__.py", line 229, in spin
1764347948.1075463 [cube_tracker-2]     executor.spin_once()
1764347948.1079257 [cube_tracker-2]   File "/opt/ros/humble/local/lib/python3.10/dist-packages/rclpy/executors.py", line 751, in spin_once
1764347948.1083195 [cube_tracker-2]     self._spin_once_impl(timeout_sec)
1764347948.1086900 [cube_tracker-2]   File "/opt/ros/humble/local/lib/python3.10/dist-packages/rclpy/executors.py", line 740, in _spin_once_impl
1764347948.1090591 [cube_tracker-2]     handler, entity, node = self.wait_for_ready_callbacks(timeout_sec=timeout_sec)
1764347948.1094446 [cube_tracker-2]   File "/opt/ros/humble/local/lib/python3.10/dist-packages/rclpy/executors.py", line 723, in wait_for_ready_callbacks
1764347948.1098118 [cube_tracker-2]     return next(self._cb_iter)
1764347948.1101668 [cube_tracker-2]   File "/opt/ros/humble/local/lib/python3.10/dist-packages/rclpy/executors.py", line 620, in _wait_for_ready_callbacks
1764347948.1105959 [cube_tracker-2]     wait_set.wait(timeout_nsec)
1764347948.1109915 [cube_tracker-2] KeyboardInterrupt
1764347948.1743083 [ERROR] [cube_tracker-2]: process has died [pid 504420, exit code -2, cmd '/home/rosuser/ros2_ws/install/dnf_tracker/lib/dnf_tracker/cube_tracker --ros-args -r __node:=cube_tracker'].
1764347948.6170571 [bridge_node-1] ----------------------------------------------------
1764347948.6175013 [bridge_node-1] The remoteApi library could not be loaded. Make sure
1764347948.6178119 [bridge_node-1] it is located in the same folder as "sim.py", or
1764347948.6180840 [bridge_node-1] appropriately adjust the file "sim.py"
1764347948.6184533 [bridge_node-1] ----------------------------------------------------
1764347948.6187389 [bridge_node-1] 
1764347948.6198711 [bridge_node-1] Traceback (most recent call last):
1764347948.6203156 [bridge_node-1]   File "/home/rosuser/ros2_ws/install/coppelia_bridge/lib/coppelia_bridge/bridge_node", line 33, in <module>
1764347948.6214156 [bridge_node-1]     sys.exit(load_entry_point('coppelia-bridge', 'console_scripts', 'bridge_node')())
1764347948.6218669 [bridge_node-1]   File "/home/rosuser/ros2_ws/build/coppelia_bridge/coppelia_bridge/bridge_node.py", line 77, in main
1764347948.6223960 [bridge_node-1]     rclpy.shutdown()
1764347948.6228080 [bridge_node-1]   File "/opt/ros/humble/local/lib/python3.10/dist-packages/rclpy/__init__.py", line 130, in shutdown
1764347948.6236718 [bridge_node-1]     _shutdown(context=context)
1764347948.6240470 [bridge_node-1]   File "/opt/ros/humble/local/lib/python3.10/dist-packages/rclpy/utilities.py", line 58, in shutdown
1764347948.6244960 [bridge_node-1]     return context.shutdown()
1764347948.6248729 [bridge_node-1]   File "/opt/ros/humble/local/lib/python3.10/dist-packages/rclpy/context.py", line 102, in shutdown
1764347948.6252651 [bridge_node-1]     self.__context.shutdown()
1764347948.6256547 [bridge_node-1] rclpy._rclpy_pybind11.RCLError: failed to shutdown: rcl_shutdown already called on the given context, at ./src/rcl/init.c:241
1764347948.7965472 [ERROR] [bridge_node-1]: process has died [pid 504418, exit code 1, cmd '/home/rosuser/ros2_ws/install/coppelia_bridge/lib/coppelia_bridge/bridge_node --ros-args -r __node:=coppelia_bridge'].
